*******************************************************
*                                                     *
*                 TEMPO version 13.000                *
*           Analysis of pulsar timing data            *
*         TEMPO git version date:  2019-12-19         *
*         TEMPO git version id:    c04b2e5            *
*         Run time:  20-JUN-21  06:29:04 UTC          *
*                                                     *
*******************************************************


                    Observatory Coordinates

     Observatory     Geodetic lat   Geodetic long   Elevation
                      ddmmss.ss       ddmmss.ss         m

1 GB GBT XYZ           882589.65     -4924872.32   3943729.3
2 QU QUABBIN           422333.20       722040.40       306.0
3 AO ARECIBO XYZ      2390490.00     -5564764.00   1994727.0
4 HO Hobart, Tasm     -424818.00     -1472621.00        50.0
5 PR PRINCETON         402047.70       743853.85        43.0
6 VL VLA XYZ         -1601192.00     -5041981.40   3554871.4
7 PK PARKES  XYZ     -4554231.50      2816759.10  -3454036.3
8 JB JODRELL BANK     3822626.04      -154105.65   5086486.0
9 G3 GB 300FT          382546.30       795056.36       893.7
A G1 GB 140FT          382615.41       795009.61       880.9
B G8 GB 85-3           382545.90       795036.87       835.8
C V2 VLA SITE          340443.50      1073703.82      2124.0
D BO NORTHERN CRO      443118.48      -113848.48        25.0
E MO MOST            -4483311.64      2648815.92  -3671909.3
F NC Nancay           4324165.81       165927.11   4670132.8
G EF Effelsberg       4033949.50       486989.40   4900430.8
H J2 JB_MKII          3822846.76      -153802.28   5086285.9
I WS WSRT             3828445.66       445223.60   5064921.6
K FA FAST            -1668557.00      5506838.00   2744934.0
M MK MEERKAT          5109360.13      2006852.59  -3238948.1
R GM GMRT             1656342.30      5797947.77   2073243.2
S SH SHAO 65m XYZ    -2826711.95      4679231.63   3274665.7
T LF LOFAR            3826577.46       461022.62   5064892.5
U MW MWA             -2559454.08      5095372.14  -2849057.2
V PV PICO VELETA      5088964.00       301689.80   3825017.0
X LW LWA1            -1602206.59     -5042244.29   3554076.3
Y CH CHIME (real)    -2058795.00     -3621559.00   4814280.0
Z SR SRT              4865182.77       791922.69   4035137.2
- LS LWA-SV          -1531155.54     -5045324.31   3579583.9

Input data from 19C63-all_clean.tim,  Parameters from J2027+0255_T1_paulo.par
Observatory data from /data64/local/software/tempo/obsys.dat                 
Tempo command: tempo -f J2027+0255_T1_paulo.par 19C63-all_clean.tim


Iteration  1 of  2

Binary model: None     nbin:  0   nddm: 0

Assumed parameters -- PSR J2027+0255

RA:            20:27:30.86786657
DEC:           02:55:37.97485750
DM Epoch (MJD):  58781.00000000
F0 (s-1):   94.37951293044574186      (P0 (s):   0.0105955198215206253)
F1 (s-2):    -4.676104418151D-16      (P1 (-15):        0.000052496305)
F2 (s-3):        0.000000000D+00
F3 (s-4):           0.000000D+00
P Epoch (MJD):    58781.00000000
Start MJD:        58794.93500000
Finish MJD:       59289.12900000
DM (cm-3 pc):          51.117521

Fit for  1 parameters, including phase but excluding jumps

    N     TOBS   WORD    NJMP    WGT     DTIME       TIME     DPHASE      PHASE

    0     0.0000 MODE 1
    36 lines of input file skipped.
 *** Warning - MJD = 58978 outside UT1 table range (40224-58674)
 *** Warning - Further UT1 messages suppressed
C J2027+0255_20200730Timing.ar.pazi.pf4 1045.76400000 59059.75711784364939660 13
C J2027+0255_20200809Timing.ar.pazi.pf4 1113.95900000 59069.72118053213011279 21
C J2027+0255_20200809Timing.ar.pazi.pf4 1136.96200000 59069.72118045306980960 22
C J2027+0255_20200809Timing.ar.pazi.pf4 1136.96200000 59069.72187494829867305 26
C J2027+0255_20210316Timing.ar.pazi.pf4 1421.19300000 59289.11354162629140774 12
C J2027+0255_20210316Timing.ar.pazi.pf4 1421.34500000 59289.11840273656258304 27
C JUMP                                                                          
C J2027+0255_MJD_58794Timing.ar.pazi.pf4 1163.78900000 58794.93645823297904940 1
C J2027+0255_MJD_58794Timing.ar.pazi.pf4 1655.25800000 58794.93784700845105462 7
C J2027+0255_MJD_58809Timing.ar.pazi.pf4 1650.21800000 58809.89340260672440408 1
C J2027+0255_MJD_58835Timing.ar.pazi.pf4 1168.66400000 58835.82471055861499920 7
C J2027+0255_MJD_58835Timing.ar.pazi.pf4 1168.22700000 58835.82743049168757565 9
C J2027+0255_MJD_58938Timing.ar.pazi.pf4 1653.23200000 58938.48793387678967193 1
C J2027+0255_MJD_58938Timing.ar.pazi.pf4 1473.18500000 58938.48793397787049742 1
C J2027+0255_MJD_58938Timing.ar.pazi.pf4 1653.35600000 58938.48854147595463004 1
C J2027+0255_MJD_58938Timing.ar.pazi.pf4 1165.42300000 58938.48854151968776804 8
C J2027+0255_MJD_58938Timing.ar.pazi.pf4 1165.46400000 58938.48923605841119056 8
C J2027+0255_MJD_58938Timing.ar.pazi.pf4 1284.63700000 58938.49131935958538975 1
C J2027+0255_MJD_58938Timing.ar.pazi.pf4 1165.21200000 58938.49131931138511575 7
C J2027+0255_MJD_58938Timing.ar.pazi.pf4 1652.91100000 58938.49479146875642144 1
C J2027+0255_MJD_58938Timing.ar.pazi.pf4 1473.44200000 58938.49548599697914497 2
C J2027+0255_MJD_58938Timing.ar.pazi.pf4 1652.30400000 58938.49756926262424273 8
C J2027+0255_MJD_58938Timing.ar.pazi.pf4 1474.40700000 58938.49756925351814019 8
C J2027+0255_MJD_58938Timing.ar.pazi.pf4 1651.93500000 58938.49826367956921658 1
C J2027+0255_MJD_58938Timing.ar.pazi.pf4 1651.88700000 58938.49895823446979648 2
C J2027+0255_MJD_58938Timing.ar.pazi.pf4 1474.19800000 58938.49965262819725353 5
C J2027+0255_MJD_58938Timing.ar.pazi.pf4 1164.88000000 58938.49965269663785605 1
C J2027+0255_MJD_58938Timing.ar.pazi.pf4 1284.74600000 58938.50020380514216711 7
C J2027+0255_MJD_58945Timing.ar.pazi.pf4 1165.16100000 58945.47261563892881853 9
C J2027+0255_MJD_58945Timing.ar.pazi.pf4 1164.88800000 58945.47534707280535571 2
C J2027+0255_MJD_58952Timing.ar.pazi.pf4 1647.36500000 58952.45173590963270982 6
C J2027+0255_MJD_58952Timing.ar.pazi.pf4 1164.68100000 58952.45520825778556073 9
C J2027+0255_MJD_58952Timing.ar.pazi.pf4 1164.45900000 58952.45590266037587668 2
C J2027+0255_MJD_58952Timing.ar.pazi.pf4 1164.80100000 58952.45659707199825306 7
C J2027+0255_MJD_58952Timing.ar.pazi.pf4 1164.47900000 58952.45729160611352526 7
C J2027+0255_MJD_58952Timing.ar.pazi.pf4 1164.45800000 58952.45798602500336827 1
C J2027+0255_MJD_58997Timing.ar.pazi.pf4 1162.28900000 58997.32118040473348231 1
C J2027+0255_MJD_58997Timing.ar.pazi.pf4 1162.61000000 58997.32534715867849329 6
C J2027+0255_MJD_58997Timing.ar.pazi.pf4 1164.06100000 58997.32604157847108084 9
C J2027+0255_MJD_58997Timing.ar.pazi.pf4 1163.57500000 58997.32881936779030951 1
C J2027+0255_MJD_58997Timing.ar.pazi.pf4 1163.80000000 58997.32951377207855614 7
C J2027+0255_MJD_58997Timing.ar.pazi.pf4 1282.18100000 58997.33298590534454320 6
C J2027+0255_MJD_59055Timing.ar.pazi.pf4 1659.76200000 59055.21770819896259397 8
C J2027+0255_MJD_59055Timing.ar.pazi.pf4 1658.98600000 59055.21979147132323007 1
C J2027+0255_MJD_59055Timing.ar.pazi.pf4 1168.68000000 59055.22048598848827439 9
C J2027+0255_MJD_59055Timing.ar.pazi.pf4 1168.60000000 59055.22743038550534678 9
C J2027+0255_MJD_59055Timing.ar.pazi.pf4 1468.85000000 59055.23159700295783026 8
C JUMP                                                                          


Normalized covariance matrix in "number of 9's" format:

            G  
            -  
            -  
            G  


   N     TOBS         Date      FREQ    WGT      NPULSE     R1(P)  R2(-6) PH/DT

   1 58978.86171 K  9-MAY-20 1078.581 0.241   1613454876   0.000   33.52  0.000
   2 58978.86171 K  9-MAY-20 1186.701 0.107   1613454878  -0.001   20.43  0.000
   3 58978.86171 K  9-MAY-20 1316.606 0.678   1613454881  -0.005  -21.06  0.000
   4 58978.86171 K  9-MAY-20 1420.679 0.842   1613454883  -0.002   17.45  0.000
   5 58978.86215 K  9-MAY-20 1078.268 1.113   1613458461   0.003   61.17  0.000
   6 58978.86215 K  9-MAY-20 1186.555 1.187   1613458464  -0.001   24.53  0.000
   7 58978.86215 K  9-MAY-20 1315.974 0.694   1613458467  -0.004   -8.13  0.000
   8 58978.86215 K  9-MAY-20 1420.693 0.721   1613458469  -0.003    1.32  0.000
   9 58978.86285 K  9-MAY-20 1078.180 0.816   1613464125  -0.001   18.79  0.000
  10 58978.86285 K  9-MAY-20 1187.921 0.676   1613464129  -0.007  -42.67  0.000
  11 58978.86285 K  9-MAY-20 1316.477 0.753   1613464131  -0.003   -0.92  0.000
  12 58978.86285 K  9-MAY-20 1420.943 0.885   1613464133  -0.001   23.79  0.000
  13 58978.86354 K  9-MAY-20 1078.423 0.885   1613469789  -0.003   -0.86  0.000
  14 58978.86354 K  9-MAY-20 1187.680 0.949   1613469792  -0.003   -1.05  0.000
  15 58978.86354 K  9-MAY-20 1316.327 2.054   1613469794  -0.005  -14.70  0.000
  16 58978.86354 K  9-MAY-20 1420.553 1.325   1613469796  -0.003    4.23  0.000
  17 58978.86415 K  9-MAY-20 1077.997 0.753   1613474743   0.001   45.49  0.000
  18 58978.86415 K  9-MAY-20 1186.760 1.123   1613474747  -0.005  -14.58  0.000
  19 58978.86415 K  9-MAY-20 1314.429 2.305   1613474749  -0.003    0.04  0.000
  20 58978.86415 K  9-MAY-20 1420.338 0.118   1613474751  -0.002   15.02  0.000
  21 58987.89757 T 18-MAY-20 1077.423 1.383   1687143336  -0.001   26.25  0.000
  22 58987.89757 T 18-MAY-20 1176.587 0.877   1687143339  -0.005  -15.02  0.000
  23 58987.89757 T 18-MAY-20 1322.715 1.157   1687143342  -0.003    2.24  0.000
  24 58987.89757 T 18-MAY-20 1420.632 1.327   1687143344  -0.001   21.52  0.000
  25 58987.89826 T 18-MAY-20 1077.636 1.395   1687149000   0.002   53.31  0.000
  26 58987.89826 T 18-MAY-20 1176.971 0.676   1687149003  -0.003    0.46  0.000
  27 58987.89826 T 18-MAY-20 1322.673 3.212   1687149006  -0.001   26.92  0.000
  28 58987.89826 T 18-MAY-20 1420.625 0.888   1687149008  -0.002   12.76  0.000
  29 58987.89896 T 18-MAY-20 1077.765 1.020   1687154663  -0.007  -41.91  0.000
  30 58987.89896 T 18-MAY-20 1177.406 0.983   1687154666  -0.001   22.43  0.000
  31 58987.89896 T 18-MAY-20 1323.352 1.963   1687154669  -0.006  -26.41  0.000
  32 58987.89896 T 18-MAY-20 1420.625 2.174   1687154671  -0.002   12.27  0.000
  33 58987.89962 T 18-MAY-20 1077.636 0.254   1687160090  -0.001   21.50  0.000
  34 58987.89962 T 18-MAY-20 1175.066 1.075   1687160093  -0.000   33.24  0.000
  35 58987.89962 T 18-MAY-20 1324.138 1.816   1687160096  -0.004   -7.56  0.000
  36 58987.89962 T 18-MAY-20 1420.391 2.392   1687160098  -0.002    9.12  0.000
  37 59001.80479 H  1-JUN-20 1078.733 0.377   1800557630  -0.001   20.89  0.000
  38 59001.80479 H  1-JUN-20 1187.561 0.521   1800557634  -0.004   -5.31  0.000
  39 59001.80479 H  1-JUN-20 1314.389 0.440   1800557636  -0.002    9.83  0.000
  40 59001.80479 H  1-JUN-20 1418.999 0.494   1800557638   0.006   98.41  0.000
  41 59001.80521 H  1-JUN-20 1079.230 0.865   1800561076  -0.003    5.50  0.000
  42 59001.80521 H  1-JUN-20 1188.072 1.302   1800561079  -0.004   -7.93  0.000
  43 59001.80521 H  1-JUN-20 1314.493 0.814   1800561081  -0.001   26.35  0.000
  44 59001.80521 H  1-JUN-20 1419.416 0.149   1800561083  -0.008  -52.06  0.000
  45 59001.80590 H  1-JUN-20 1079.001 1.399   1800566739  -0.001   25.73  0.000
  46 59001.80590 H  1-JUN-20 1187.896 0.700   1800566742  -0.002   11.01  0.000
  47 59001.80590 H  1-JUN-20 1314.230 1.507   1800566744   0.003   62.19  0.000
  48 59001.80590 H  1-JUN-20 1419.718 0.543   1800566746  -0.004  -10.34  0.000
  49 59001.80660 H  1-JUN-20 1078.813 1.071   1800572402   0.003   60.73  0.000
  50 59001.80660 H  1-JUN-20 1187.476 0.325   1800572406   0.001   49.13  0.000
  51 59001.80660 H  1-JUN-20 1313.310 0.553   1800572408  -0.007  -38.65  0.000
  52 59001.80660 H  1-JUN-20 1419.750 1.155   1800572410  -0.008  -46.82  0.000
  53 59001.80722 H  1-JUN-20 1078.813 0.773   1800577498  -0.001   23.58  0.000
  54 59001.80722 H  1-JUN-20 1188.197 0.317   1800577502  -0.004   -6.61  0.000
  55 59001.80722 H  1-JUN-20 1314.026 0.227   1800577504  -0.005  -16.41  0.000
  56 59001.80722 H  1-JUN-20 1419.801 0.879   1800577506  -0.000   28.79  0.000
  57 59059.75468 N 29-JUL-20 1045.764 0.090   2273124945   0.005   87.51  0.000
  58 59059.75468 N 29-JUL-20 1241.865 0.161   2273124951   0.003   63.92  0.000
  59 59059.75468 N 29-JUL-20 1310.378 0.431   2273124952   0.002   59.73  0.000
  60 59059.75468 N 29-JUL-20 1442.605 0.106   2273124954  -0.011  -82.25  0.000
  61 59059.75521 N 29-JUL-20 1045.764 0.387   2273129239   0.005   82.59  0.000
  62 59059.75521 N 29-JUL-20 1241.865 0.431   2273129245   0.003   66.52  0.000
  63 59059.75521 N 29-JUL-20 1310.378 0.137   2273129246   0.001   47.84  0.000
  64 59059.75521 N 29-JUL-20 1442.605 0.542   2273129248  -0.006  -25.65  0.000
  65 59059.75590 N 29-JUL-20 1045.764 0.459   2273134902   0.004   76.80  0.000
  66 59059.75590 N 29-JUL-20 1241.865 0.420   2273134908   0.002   58.53  0.000
  67 59059.75590 N 29-JUL-20 1310.378 0.628   2273134909  -0.003    5.13  0.000
  68 59059.75590 N 29-JUL-20 1442.776 0.463   2273134911  -0.016 -131.44  0.000
  69 59059.75660 N 29-JUL-20 1045.764 0.569   2273140565  -0.010  -74.29  0.000
  70 59059.75660 N 29-JUL-20 1241.865 0.251   2273140571   0.008  122.67  0.000
  71 59059.75660 N 29-JUL-20 1310.378 0.891   2273140572  -0.002   11.63  0.000
  72 59059.75660 N 29-JUL-20 1442.605 0.100   2273140574  -0.012  -96.42  0.000
  73 59059.75712 N 29-JUL-20 1241.865 0.314   2273144817   0.009  126.04  0.000
  74 59059.75712 N 29-JUL-20 1310.378 0.632   2273144818  -0.001   19.01  0.000
  75 59059.75712 N 29-JUL-20 1442.776 0.332   2273144820  -0.016 -141.04  0.000
  76 59069.72049 X  8-AUG-20 1113.959 0.122   2354389749   0.008  113.32  0.000
  77 59069.72257 X  8-AUG-20 1136.962 0.157   2354406737  -0.018 -154.55  0.000
  78 59079.73646 H 18-AUG-20 1077.433 1.180   2436062384  -0.003   -3.56  0.000
  79 59079.73646 H 18-AUG-20 1178.761 0.818   2436062387  -0.010  -72.36  0.000
  80 59079.73646 H 18-AUG-20 1323.345 0.496   2436062390  -0.010  -72.89  0.000
  81 59079.73646 H 18-AUG-20 1421.145 0.696   2436062392  -0.009  -66.27  0.000
  82 59079.73715 H 18-AUG-20 1077.367 0.396   2436068047   0.002   54.53  0.000
  83 59079.73715 H 18-AUG-20 1176.375 0.410   2436068050   0.006   96.45  0.000
  84 59079.73715 H 18-AUG-20 1324.712 0.366   2436068053  -0.006  -27.47  0.000
  85 59079.73715 H 18-AUG-20 1421.673 0.781   2436068055  -0.007  -42.60  0.000
  86 59079.73785 H 18-AUG-20 1077.367 0.462   2436073710  -0.001   25.72  0.000
  87 59079.73785 H 18-AUG-20 1174.945 0.200   2436073713  -0.006  -34.21  0.000
  88 59079.73785 H 18-AUG-20 1324.673 0.167   2436073716  -0.001   24.44  0.000
  89 59079.73785 H 18-AUG-20 1422.015 0.907   2436073718  -0.003   -3.22  0.000
  90 59079.73854 H 18-AUG-20 1077.367 0.674   2436079372   0.002   50.78  0.000
  91 59079.73854 H 18-AUG-20 1175.983 0.264   2436079375  -0.006  -32.02  0.000
  92 59079.73854 H 18-AUG-20 1326.095 0.111   2436079378   0.000   38.71  0.000
  93 59079.73854 H 18-AUG-20 1422.015 0.229   2436079380  -0.010  -74.55  0.000
  94 59092.65938 U 31-AUG-20 1078.481 0.715   2541437147  -0.002   13.10  0.000
  95 59092.65937 U 31-AUG-20 1184.619 0.825   2541437149   0.001   41.62  0.000
  96 59092.65937 U 31-AUG-20 1321.927 0.381   2541437152  -0.008  -53.32  0.000
  97 59092.65937 U 31-AUG-20 1423.090 0.562   2541437154   0.007  102.62  0.000
  98 59092.66007 U 31-AUG-20 1078.481 0.819   2541442809  -0.003    3.04  0.000
  99 59092.66007 U 31-AUG-20 1183.950 0.351   2541442811  -0.007  -38.73  0.000
 100 59092.66007 U 31-AUG-20 1322.914 0.147   2541442814  -0.001   17.91  0.000
 101 59092.66007 U 31-AUG-20 1423.090 0.381   2541442816  -0.005  -16.59  0.000
 102 59092.66076 U 31-AUG-20 1078.481 0.985   2541448472   0.002   58.90  0.000
 103 59092.66076 U 31-AUG-20 1184.179 0.870   2541448474   0.001   38.82  0.000
 104 59092.66076 U 31-AUG-20 1324.311 0.143   2541448477  -0.009  -62.25  0.000
 105 59092.66076 U 31-AUG-20 1423.090 0.300   2541448479  -0.002   13.60  0.000
 106 59092.66146 U 31-AUG-20 1078.481 0.995   2541454134   0.001   42.46  0.000
 107 59092.66146 U 31-AUG-20 1184.827 0.694   2541454136  -0.004  -12.13  0.000
 108 59092.66146 U 31-AUG-20 1324.911 0.093   2541454139   0.003   66.72  0.000
 109 59092.66146 U 31-AUG-20 1423.090 0.275   2541454141   0.001   47.62  0.000
 110 59109.63090 L 17-SEP-20 1077.157 0.418   2679821900   0.002   57.31  0.000
 111 59109.63090 L 17-SEP-20 1187.589 0.693   2679821904  -0.001   27.00  0.000
 112 59109.63090 L 17-SEP-20 1318.674 0.435   2679821906  -0.005  -15.17  0.000
 113 59109.63090 L 17-SEP-20 1421.145 0.205   2679821908  -0.004   -4.71  0.000
 114 59109.63160 L 17-SEP-20 1077.339 0.307   2679827562   0.001   47.21  0.000
 115 59109.63160 L 17-SEP-20 1187.224 1.222   2679827565  -0.003    1.04  0.000
 116 59109.63160 L 17-SEP-20 1318.852 0.303   2679827568  -0.012  -96.80  0.000
 117 59109.63160 L 17-SEP-20 1421.145 0.052   2679827570  -0.001   20.87  0.000
 118 59109.63229 L 17-SEP-20 1077.460 0.386   2679833225  -0.002    9.95  0.000
 119 59109.63229 L 17-SEP-20 1187.684 0.525   2679833229   0.000   37.26  0.000
 120 59109.63229 L 17-SEP-20 1318.860 0.244   2679833231  -0.004   -7.86  0.000
 121 59109.63229 L 17-SEP-20 1421.145 0.529   2679833233  -0.004   -8.03  0.000
 122 59109.63299 L 17-SEP-20 1077.516 0.330   2679838887  -0.003   -0.06  0.000
 123 59109.63299 L 17-SEP-20 1187.539 0.690   2679838891  -0.004  -13.71  0.000
 124 59109.63299 L 17-SEP-20 1319.609 0.159   2679838893  -0.008  -51.33  0.000
 125 59109.63299 L 17-SEP-20 1421.145 0.174   2679838895  -0.007  -38.22  0.000
 126 59162.42187 M  9-NOV-20 1076.836 0.222   3110263434  -0.004  -13.78  0.000
 127 59162.42187 M  9-NOV-20 1187.634 0.237   3110263438  -0.005  -20.26  0.000
 128 59162.42187 M  9-NOV-20 1322.013 1.225   3110263440  -0.006  -32.66  0.000
 129 59162.42187 M  9-NOV-20 1420.977 0.595   3110263442  -0.006  -31.29  0.000
 130 59162.42257 M  9-NOV-20 1076.891 2.019   3110269096  -0.007  -42.58  0.000
 131 59162.42257 M  9-NOV-20 1187.058 0.814   3110269099  -0.005  -21.64  0.000
 132 59162.42257 M  9-NOV-20 1322.174 0.216   3110269102  -0.005  -14.67  0.000
 133 59162.42257 M  9-NOV-20 1420.523 0.365   3110269104  -0.009  -61.46  0.000
 134 59162.42326 M  9-NOV-20 1076.870 0.879   3110274759  -0.005  -21.61  0.000
 135 59162.42326 M  9-NOV-20 1188.140 1.022   3110274763  -0.007  -41.78  0.000
 136 59162.42326 M  9-NOV-20 1323.059 0.553   3110274765  -0.003    4.22  0.000
 137 59162.42326 M  9-NOV-20 1420.564 1.451   3110274767  -0.006  -27.21  0.000
 138 59162.42396 M  9-NOV-20 1076.991 1.075   3110280421  -0.005  -20.35  0.000
 139 59162.42396 M  9-NOV-20 1187.930 0.855   3110280425  -0.005  -14.42  0.000
 140 59162.42396 M  9-NOV-20 1323.465 1.574   3110280427  -0.011  -83.51  0.000
 141 59162.42396 M  9-NOV-20 1420.372 0.179   3110280429  -0.006  -26.94  0.000
 142 59162.42465 M  9-NOV-20 1076.886 2.149   3110286083  -0.007  -38.80  0.000
 143 59162.42465 M  9-NOV-20 1188.348 0.401   3110286087  -0.010  -69.47  0.000
 144 59162.42465 M  9-NOV-20 1324.627 1.152   3110286089  -0.006  -25.09  0.000
 145 59162.42465 M  9-NOV-20 1420.372 0.363   3110286091  -0.005  -17.79  0.000
 146 59162.42535 M  9-NOV-20 1076.768 0.927   3110291745  -0.005  -20.58  0.000
 147 59162.42535 M  9-NOV-20 1189.312 0.864   3110291749  -0.013 -100.24  0.000
 148 59162.42535 M  9-NOV-20 1328.271 1.024   3110291751  -0.001   17.66  0.000
 149 59162.42535 M  9-NOV-20 1420.294 0.777   3110291753  -0.007  -38.81  0.000
 150 59162.42604 M  9-NOV-20 1076.836 0.237   3110297408  -0.007  -38.53  0.000
 151 59162.42604 M  9-NOV-20 1187.435 1.057   3110297412  -0.004   -8.27  0.000
 152 59162.42604 M  9-NOV-20 1328.387 1.156   3110297414  -0.006  -27.51  0.000
 153 59162.42604 M  9-NOV-20 1420.024 0.907   3110297416  -0.005  -21.38  0.000
 154 59162.42674 M  9-NOV-20 1076.821 1.341   3110303070  -0.006  -25.65  0.000
 155 59162.42674 M  9-NOV-20 1190.430 0.368   3110303074  -0.008  -46.33  0.000
 156 59162.42674 M  9-NOV-20 1325.034 0.466   3110303076  -0.006  -28.81  0.000
 157 59162.42674 M  9-NOV-20 1420.407 0.666   3110303078  -0.002    8.77  0.000
 158 59162.42743 M  9-NOV-20 1076.809 1.978   3110308732  -0.005  -15.82  0.000
 159 59162.42743 M  9-NOV-20 1188.302 0.516   3110308736  -0.005  -23.28  0.000
 160 59162.42743 M  9-NOV-20 1327.699 0.340   3110308738  -0.005  -22.93  0.000
 161 59162.42743 M  9-NOV-20 1420.666 0.575   3110308740  -0.006  -28.58  0.000
 162 59162.42812 M  9-NOV-20 1076.843 1.031   3110314394  -0.005  -14.53  0.000
 163 59162.42812 M  9-NOV-20 1186.882 0.399   3110314397  -0.006  -33.05  0.000
 164 59162.42812 M  9-NOV-20 1324.276 0.521   3110314400  -0.008  -52.34  0.000
 165 59162.42812 M  9-NOV-20 1420.397 0.370   3110314402  -0.006  -28.59  0.000
 166 59162.42882 M  9-NOV-20 1076.808 1.746   3110320057  -0.005  -15.57  0.000
 167 59162.42882 M  9-NOV-20 1187.982 1.145   3110320061  -0.005  -19.37  0.000
 168 59162.42882 M  9-NOV-20 1323.607 1.292   3110320063  -0.005  -20.32  0.000
 169 59162.42882 M  9-NOV-20 1420.431 0.352   3110320065  -0.008  -49.47  0.000
 170 59162.42951 M  9-NOV-20 1076.772 1.583   3110325719  -0.005  -15.90  0.000
 171 59162.42951 M  9-NOV-20 1188.183 1.234   3110325723  -0.005  -19.08  0.000
 172 59162.42951 M  9-NOV-20 1323.232 0.437   3110325725  -0.006  -31.60  0.000
 173 59162.42951 M  9-NOV-20 1420.288 0.942   3110325727  -0.001   18.65  0.000
 174 59162.43021 M  9-NOV-20 1076.665 0.526   3110331381  -0.011  -82.98  0.000
 175 59162.43021 M  9-NOV-20 1187.070 0.955   3110331384  -0.005  -19.81  0.000
 176 59162.43021 M  9-NOV-20 1324.117 2.136   3110331387  -0.006  -34.15  0.000
 177 59162.43021 M  9-NOV-20 1420.192 0.291   3110331389  -0.007  -44.06  0.000
 178 59162.43090 M  9-NOV-20 1076.787 1.355   3110337043  -0.005  -21.76  0.000
 179 59162.43090 M  9-NOV-20 1186.947 0.601   3110337046  -0.006  -34.72  0.000
 180 59162.43090 M  9-NOV-20 1325.319 0.468   3110337049  -0.009  -62.59  0.000
 181 59162.43090 M  9-NOV-20 1420.213 0.080   3110337051  -0.007  -41.38  0.000
 182 59273.13090 T 28-FEB-21 1077.507 0.481   4012995552  -0.005  -22.16  0.000
 183 59273.13090 T 28-FEB-21 1187.264 0.481   4012995555  -0.006  -25.39  0.000
 184 59273.13090 T 28-FEB-21 1319.423 0.102   4012995558  -0.005  -18.39  0.000
 185 59273.13090 T 28-FEB-21 1420.931 0.286   4012995560  -0.006  -25.16  0.000
 186 59273.13160 T 28-FEB-21 1077.432 0.659   4013001215  -0.008  -54.36  0.000
 187 59273.13160 T 28-FEB-21 1186.193 1.746   4013001218  -0.003    6.88  0.000
 188 59273.13160 T 28-FEB-21 1319.943 0.771   4013001221  -0.008  -48.50  0.000
 189 59273.13160 T 28-FEB-21 1421.023 0.292   4013001223  -0.010  -75.93  0.000
 190 59273.13229 T 28-FEB-21 1077.361 1.244   4013006878  -0.010  -74.78  0.000
 191 59273.13229 T 28-FEB-21 1187.109 0.987   4013006881  -0.011  -78.71  0.000
 192 59273.13229 T 28-FEB-21 1319.524 0.523   4013006884  -0.003    1.59  0.000
 193 59273.13229 T 28-FEB-21 1421.052 0.938   4013006886  -0.005  -15.59  0.000
 194 59273.13299 T 28-FEB-21 1077.332 0.474   4013012541  -0.005  -24.63  0.000
 195 59273.13299 T 28-FEB-21 1186.451 0.830   4013012544  -0.006  -24.88  0.000
 196 59273.13299 T 28-FEB-21 1320.002 0.905   4013012547  -0.005  -20.20  0.000
 197 59273.13299 T 28-FEB-21 1421.097 0.614   4013012549  -0.003   -1.01  0.000
 198 59273.13368 T 28-FEB-21 1077.430 0.586   4013018204  -0.005  -21.26  0.000
 199 59273.13368 T 28-FEB-21 1186.753 0.770   4013018207  -0.008  -52.46  0.000
 200 59273.13368 T 28-FEB-21 1319.673 0.405   4013018210  -0.004  -12.29  0.000
 201 59273.13368 T 28-FEB-21 1421.485 1.108   4013018212  -0.007  -42.49  0.000
 202 59273.13437 T 28-FEB-21 1077.402 0.899   4013023867  -0.007  -43.86  0.000
 203 59273.13437 T 28-FEB-21 1187.284 0.482   4013023870  -0.004   -9.07  0.000
 204 59273.13437 T 28-FEB-21 1319.569 0.408   4013023873  -0.005  -22.38  0.000
 205 59273.13437 T 28-FEB-21 1421.488 0.676   4013023875  -0.009  -59.25  0.000
 206 59273.13507 T 28-FEB-21 1077.313 0.437   4013029530  -0.005  -19.26  0.000
 207 59273.13507 T 28-FEB-21 1186.412 0.485   4013029533  -0.001   21.37  0.000
 208 59273.13507 T 28-FEB-21 1319.517 0.606   4013029536  -0.013 -103.71  0.000
 209 59273.13507 T 28-FEB-21 1421.037 1.227   4013029538  -0.006  -26.19  0.000
 210 59273.13576 T 28-FEB-21 1077.367 0.981   4013035193  -0.006  -25.82  0.000
 211 59273.13576 T 28-FEB-21 1187.383 0.371   4013035197  -0.003    2.62  0.000
 212 59273.13576 T 28-FEB-21 1319.610 1.000   4013035199  -0.006  -25.85  0.000
 213 59273.13576 T 28-FEB-21 1420.614 1.012   4013035201  -0.004  -13.75  0.000
 214 59273.13646 T 28-FEB-21 1077.370 0.406   4013040856  -0.007  -42.06  0.000
 215 59273.13646 T 28-FEB-21 1187.708 0.357   4013040860  -0.005  -17.43  0.000
 216 59273.13646 T 28-FEB-21 1319.606 0.236   4013040862   0.000   37.88  0.000
 217 59273.13646 T 28-FEB-21 1420.809 0.569   4013040864  -0.012  -93.38  0.000
 218 59273.13715 T 28-FEB-21 1077.395 1.414   4013046519  -0.007  -35.42  0.000
 219 59273.13715 T 28-FEB-21 1187.706 0.489   4013046523  -0.007  -44.15  0.000
 220 59273.13715 T 28-FEB-21 1319.395 0.263   4013046525  -0.007  -37.40  0.000
 221 59273.13715 T 28-FEB-21 1420.715 0.332   4013046527  -0.008  -53.63  0.000
 222 59273.13785 T 28-FEB-21 1188.532 0.692   4013052186  -0.007  -44.51  0.000
 223 59273.13785 T 28-FEB-21 1319.343 0.439   4013052188  -0.005  -24.30  0.000
 224 59273.13785 T 28-FEB-21 1420.754 0.190   4013052190  -0.004  -13.53  0.000
 225 59273.13854 T 28-FEB-21 1077.619 0.458   4013057845  -0.005  -24.35  0.000
 226 59273.13854 T 28-FEB-21 1187.191 1.135   4013057849  -0.007  -35.69  0.000
 227 59273.13854 T 28-FEB-21 1319.421 0.450   4013057851  -0.012  -90.15  0.000
 228 59273.13854 T 28-FEB-21 1420.817 0.376   4013057853  -0.012  -91.37  0.000
 229 59273.13924 T 28-FEB-21 1077.598 0.969   4013063508  -0.006  -34.73  0.000
 230 59273.13924 T 28-FEB-21 1186.530 0.597   4013063511  -0.001   26.41  0.000
 231 59273.13924 T 28-FEB-21 1319.779 0.535   4013063514  -0.009  -63.02  0.000
 232 59273.13924 T 28-FEB-21 1420.782 0.980   4013063516  -0.005  -23.65  0.000
 233 59273.13993 T 28-FEB-21 1077.595 1.022   4013069171  -0.003    1.49  0.000
 234 59273.13993 T 28-FEB-21 1186.712 0.975   4013069174  -0.011  -81.60  0.000
 235 59273.13993 T 28-FEB-21 1319.403 0.302   4013069177  -0.003    0.86  0.000
 236 59273.13993 T 28-FEB-21 1420.857 0.535   4013069179  -0.006  -27.60  0.000
 237 59289.08785 J 16-MAR-21 1076.178 0.528   4143121893  -0.006  -29.15  0.000
 238 59289.08785 J 16-MAR-21 1187.697 0.333   4143121897  -0.000   30.30  0.000
 239 59289.08785 J 16-MAR-21 1318.955 0.248   4143121899  -0.006  -26.32  0.000
 240 59289.08785 J 16-MAR-21 1421.484 0.444   4143121901  -0.006  -27.54  0.000
 241 59289.08854 J 16-MAR-21 1076.281 0.671   4143127556  -0.004  -13.74  0.000
 242 59289.08854 J 16-MAR-21 1185.847 0.944   4143127559  -0.007  -37.99  0.000
 243 59289.08854 J 16-MAR-21 1319.661 1.450   4143127562  -0.006  -31.50  0.000
 244 59289.08854 J 16-MAR-21 1421.463 0.744   4143127564  -0.005  -17.35  0.000
 245 59289.08924 J 16-MAR-21 1076.206 0.963   4143133219  -0.002    8.17  0.000
 246 59289.08924 J 16-MAR-21 1185.835 0.772   4143133222   0.003   68.23  0.000
 247 59289.08924 J 16-MAR-21 1318.970 1.005   4143133225  -0.002   10.42  0.000
 248 59289.08924 J 16-MAR-21 1420.811 0.320   4143133227  -0.014 -113.10  0.000
 249 59289.08993 J 16-MAR-21 1076.096 1.092   4143138882  -0.006  -33.11  0.000
 250 59289.08993 J 16-MAR-21 1185.810 0.976   4143138885  -0.006  -31.52  0.000
 251 59289.08993 J 16-MAR-21 1319.020 0.272   4143138888  -0.007  -35.89  0.000
 252 59289.08993 J 16-MAR-21 1420.959 0.664   4143138890  -0.009  -57.22  0.000
 253 59289.09062 J 16-MAR-21 1076.001 1.014   4143144545  -0.007  -38.67  0.000
 254 59289.09062 J 16-MAR-21 1185.228 0.085   4143144548  -0.010  -71.48  0.000
 255 59289.09062 J 16-MAR-21 1319.160 1.093   4143144551  -0.006  -34.69  0.000
 256 59289.09062 J 16-MAR-21 1421.204 0.769   4143144553  -0.005  -24.11  0.000
 257 59289.09132 J 16-MAR-21 1075.788 0.468   4143150209  -0.007  -38.08  0.000
 258 59289.09132 J 16-MAR-21 1184.663 0.150   4143150212  -0.011  -84.92  0.000
 259 59289.09132 J 16-MAR-21 1320.411 0.626   4143150215  -0.013  -99.12  0.000
 260 59289.09132 J 16-MAR-21 1420.940 0.358   4143150217  -0.006  -31.62  0.000
 261 59289.09201 J 16-MAR-21 1075.870 2.038   4143155872  -0.007  -37.80  0.000
 262 59289.09201 J 16-MAR-21 1186.305 1.048   4143155875  -0.011  -82.89  0.000
 263 59289.09201 J 16-MAR-21 1319.281 0.700   4143155878  -0.004   -7.49  0.000
 264 59289.09201 J 16-MAR-21 1421.124 0.233   4143155880  -0.004   -5.46  0.000
 265 59289.09271 J 16-MAR-21 1076.056 0.985   4143161535  -0.010  -69.67  0.000
 266 59289.09271 J 16-MAR-21 1185.723 0.579   4143161538  -0.005  -15.15  0.000
 267 59289.09271 J 16-MAR-21 1319.195 0.991   4143161541  -0.005  -20.27  0.000
 268 59289.09271 J 16-MAR-21 1420.916 1.137   4143161543  -0.005  -23.25  0.000
 269 59289.09340 J 16-MAR-21 1076.077 1.065   4143167198  -0.006  -34.07  0.000
 270 59289.09340 J 16-MAR-21 1186.203 0.191   4143167201  -0.004   -4.56  0.000
 271 59289.09340 J 16-MAR-21 1319.157 0.680   4143167204  -0.007  -41.03  0.000
 272 59289.09340 J 16-MAR-21 1421.180 0.250   4143167206  -0.001   21.86  0.000
 273 59289.09410 J 16-MAR-21 1076.301 1.661   4143172861  -0.006  -29.79  0.000
 274 59289.09410 J 16-MAR-21 1187.762 0.547   4143172865  -0.012  -92.73  0.000
 275 59289.09410 J 16-MAR-21 1320.163 0.278   4143172867  -0.005  -24.48  0.000
 276 59289.09410 J 16-MAR-21 1421.183 0.852   4143172869  -0.001   22.22  0.000
 277 59289.09479 J 16-MAR-21 1076.210 0.841   4143178524  -0.007  -43.94  0.000
 278 59289.09479 J 16-MAR-21 1187.656 0.803   4143178528  -0.005  -24.56  0.000
 279 59289.09479 J 16-MAR-21 1319.689 0.625   4143178530  -0.005  -17.94  0.000
 280 59289.09479 J 16-MAR-21 1421.226 0.207   4143178532  -0.009  -64.94  0.000
 281 59289.09549 J 16-MAR-21 1076.235 1.953   4143184187  -0.002   11.72  0.000
 282 59289.09549 J 16-MAR-21 1187.253 0.448   4143184191  -0.006  -28.32  0.000
 283 59289.09549 J 16-MAR-21 1319.590 0.379   4143184193  -0.006  -30.95  0.000
 284 59289.09549 J 16-MAR-21 1421.395 0.321   4143184195  -0.006  -32.74  0.000
 285 59289.09618 J 16-MAR-21 1076.276 0.766   4143189851  -0.010  -71.23  0.000
 286 59289.09618 J 16-MAR-21 1186.173 0.834   4143189854  -0.006  -34.61  0.000
 287 59289.09618 J 16-MAR-21 1318.420 1.011   4143189857  -0.008  -47.29  0.000
 288 59289.09618 J 16-MAR-21 1421.271 0.654   4143189859  -0.004   -4.35  0.000
 289 59289.09687 J 16-MAR-21 1076.398 0.717   4143195514  -0.002   10.59  0.000
 290 59289.09687 J 16-MAR-21 1185.804 0.149   4143195517  -0.007  -43.38  0.000
 291 59289.09687 J 16-MAR-21 1318.588 1.003   4143195520  -0.002   15.11  0.000
 292 59289.09687 J 16-MAR-21 1421.102 0.997   4143195522  -0.005  -21.01  0.000
 293 59289.09757 J 16-MAR-21 1076.471 0.682   4143201177  -0.015 -122.48  0.000
 294 59289.09757 J 16-MAR-21 1185.907 0.730   4143201180  -0.006  -25.79  0.000
 295 59289.09757 J 16-MAR-21 1319.392 0.759   4143201183  -0.007  -43.12  0.000
 296 59289.09757 J 16-MAR-21 1421.301 0.574   4143201185   0.002   59.20  0.000
 297 59289.09826 J 16-MAR-21 1076.460 1.147   4143206840   0.000   36.52  0.000
 298 59289.09826 J 16-MAR-21 1185.364 0.648   4143206843  -0.005  -16.88  0.000
 299 59289.09826 J 16-MAR-21 1319.235 0.918   4143206846  -0.005  -19.54  0.000
 300 59289.09826 J 16-MAR-21 1421.490 0.651   4143206848  -0.005  -21.33  0.000
 301 59289.09896 J 16-MAR-21 1076.155 1.126   4143212503  -0.006  -33.39  0.000
 302 59289.09896 J 16-MAR-21 1185.289 0.609   4143212506  -0.004   -5.87  0.000
 303 59289.09896 J 16-MAR-21 1319.529 0.928   4143212509  -0.007  -36.29  0.000
 304 59289.09896 J 16-MAR-21 1421.408 0.362   4143212511  -0.008  -52.40  0.000
 305 59289.09965 J 16-MAR-21 1076.230 0.481   4143218166  -0.007  -39.03  0.000
 306 59289.09965 J 16-MAR-21 1184.618 1.006   4143218169  -0.006  -33.23  0.000
 307 59289.09965 J 16-MAR-21 1318.268 0.525   4143218172  -0.005  -17.79  0.000
 308 59289.09965 J 16-MAR-21 1421.173 0.715   4143218174   0.003   67.96  0.000
 309 59289.10035 J 16-MAR-21 1076.381 1.017   4143223829  -0.007  -37.74  0.000
 310 59289.10035 J 16-MAR-21 1185.080 0.790   4143223832  -0.006  -30.46  0.000
 311 59289.10035 J 16-MAR-21 1318.433 0.826   4143223835  -0.007  -38.98  0.000
 312 59289.10035 J 16-MAR-21 1421.372 0.299   4143223837  -0.000   29.80  0.000
 313 59289.10104 J 16-MAR-21 1076.230 0.457   4143229493  -0.004   -5.68  0.000
 314 59289.10104 J 16-MAR-21 1185.346 0.511   4143229496  -0.008  -54.58  0.000
 315 59289.10104 J 16-MAR-21 1319.043 0.379   4143229499  -0.006  -34.76  0.000
 316 59289.10104 J 16-MAR-21 1421.439 0.159   4143229501  -0.005  -21.43  0.000
 317 59289.10174 J 16-MAR-21 1076.310 0.580   4143235156  -0.007  -43.68  0.000
 318 59289.10174 J 16-MAR-21 1184.970 0.485   4143235159  -0.007  -36.92  0.000
 319 59289.10174 J 16-MAR-21 1318.825 0.808   4143235162  -0.006  -29.35  0.000
 320 59289.10174 J 16-MAR-21 1421.371 0.570   4143235164  -0.000   29.39  0.000
 321 59289.10243 J 16-MAR-21 1076.268 1.226   4143240819  -0.001   19.70  0.000
 322 59289.10243 J 16-MAR-21 1185.146 1.380   4143240822  -0.006  -29.42  0.000
 323 59289.10243 J 16-MAR-21 1319.037 1.499   4143240825  -0.005  -15.92  0.000
 324 59289.10243 J 16-MAR-21 1421.398 0.302   4143240827  -0.001   25.43  0.000
 325 59289.10312 J 16-MAR-21 1076.218 0.617   4143246482  -0.008  -52.83  0.000
 326 59289.10312 J 16-MAR-21 1185.211 0.959   4143246485  -0.006  -33.82  0.000
 327 59289.10312 J 16-MAR-21 1318.603 1.159   4143246488  -0.004  -13.98  0.000
 328 59289.10312 J 16-MAR-21 1421.394 0.536   4143246490  -0.006  -33.96  0.000
 329 59289.10382 J 16-MAR-21 1076.165 0.966   4143252145  -0.007  -39.96  0.000
 330 59289.10382 J 16-MAR-21 1184.968 1.276   4143252148  -0.002    8.10  0.000
 331 59289.10382 J 16-MAR-21 1318.746 1.122   4143252151  -0.005  -24.42  0.000
 332 59289.10382 J 16-MAR-21 1421.445 0.732   4143252153  -0.004   -9.26  0.000
 333 59289.10451 J 16-MAR-21 1076.387 0.789   4143257808  -0.008  -48.54  0.000
 334 59289.10451 J 16-MAR-21 1184.969 1.356   4143257811  -0.006  -32.75  0.000
 335 59289.10451 J 16-MAR-21 1318.680 0.646   4143257814  -0.005  -18.05  0.000
 336 59289.10451 J 16-MAR-21 1421.458 0.055   4143257816  -0.006  -27.81  0.000
 337 59289.10521 J 16-MAR-21 1076.508 0.867   4143263471  -0.007  -41.66  0.000
 338 59289.10521 J 16-MAR-21 1184.810 1.735   4143263474  -0.006  -27.78  0.000
 339 59289.10521 J 16-MAR-21 1319.195 0.854   4143263477  -0.014 -119.03  0.000
 340 59289.10521 J 16-MAR-21 1421.432 0.711   4143263479  -0.006  -30.23  0.000
 341 59289.10590 J 16-MAR-21 1076.558 0.625   4143269135  -0.007  -38.39  0.000
 342 59289.10590 J 16-MAR-21 1185.222 0.782   4143269138  -0.003    6.48  0.000
 343 59289.10590 J 16-MAR-21 1318.775 0.232   4143269141  -0.005  -19.81  0.000
 344 59289.10590 J 16-MAR-21 1421.348 0.567   4143269143  -0.009  -62.40  0.000
 345 59289.10660 J 16-MAR-21 1076.477 0.489   4143274798  -0.007  -35.47  0.000
 346 59289.10660 J 16-MAR-21 1184.798 1.240   4143274801  -0.010  -69.60  0.000
 347 59289.10660 J 16-MAR-21 1318.531 0.419   4143274804  -0.006  -28.10  0.000
 348 59289.10660 J 16-MAR-21 1421.374 0.337   4143274806  -0.002    7.69  0.000
 349 59289.10729 J 16-MAR-21 1076.722 1.351   4143280461   0.002   59.13  0.000
 350 59289.10729 J 16-MAR-21 1185.126 1.682   4143280464  -0.002    7.97  0.000
 351 59289.10729 J 16-MAR-21 1318.949 0.941   4143280467  -0.005  -16.33  0.000
 352 59289.10729 J 16-MAR-21 1421.442 0.380   4143280469  -0.005  -23.40  0.000
 353 59289.10799 J 16-MAR-21 1076.466 1.147   4143286124  -0.006  -30.23  0.000
 354 59289.10799 J 16-MAR-21 1185.994 0.198   4143286127  -0.007  -41.40  0.000
 355 59289.10799 J 16-MAR-21 1318.850 0.407   4143286130  -0.005  -15.43  0.000
 356 59289.10799 J 16-MAR-21 1421.460 0.284   4143286132  -0.007  -45.79  0.000
 357 59289.10868 J 16-MAR-21 1076.510 1.861   4143291787  -0.006  -27.17  0.000
 358 59289.10868 J 16-MAR-21 1185.941 1.226   4143291790  -0.005  -23.62  0.000
 359 59289.10868 J 16-MAR-21 1318.803 0.488   4143291793  -0.006  -27.86  0.000
 360 59289.10868 J 16-MAR-21 1421.460 0.652   4143291795  -0.006  -31.74  0.000
 361 59289.10937 J 16-MAR-21 1076.557 0.337   4143297450  -0.008  -46.11  0.000
 362 59289.10937 J 16-MAR-21 1185.546 1.171   4143297453  -0.006  -27.94  0.000
 363 59289.10937 J 16-MAR-21 1318.490 0.831   4143297456  -0.005  -24.44  0.000
 364 59289.10937 J 16-MAR-21 1421.443 0.447   4143297458  -0.006  -32.17  0.000
 365 59289.11007 J 16-MAR-21 1076.547 0.976   4143303113  -0.002   15.33  0.000
 366 59289.11007 J 16-MAR-21 1186.050 0.407   4143303116  -0.008  -53.25  0.000
 367 59289.11007 J 16-MAR-21 1318.591 0.343   4143303119  -0.004  -13.63  0.000
 368 59289.11007 J 16-MAR-21 1421.026 1.023   4143303121  -0.006  -24.87  0.000
 369 59289.11076 J 16-MAR-21 1076.525 0.842   4143308776  -0.008  -52.59  0.000
 370 59289.11076 J 16-MAR-21 1185.870 0.729   4143308779  -0.007  -36.86  0.000
 371 59289.11076 J 16-MAR-21 1318.507 0.368   4143308782  -0.006  -27.29  0.000
 372 59289.11076 J 16-MAR-21 1421.367 0.463   4143308784  -0.008  -52.11  0.000
 373 59289.11146 J 16-MAR-21 1076.546 1.217   4143314440  -0.007  -38.87  0.000
 374 59289.11146 J 16-MAR-21 1185.512 0.573   4143314443  -0.006  -29.74  0.000
 375 59289.11146 J 16-MAR-21 1318.360 0.660   4143314446  -0.005  -16.83  0.000
 376 59289.11146 J 16-MAR-21 1421.406 0.529   4143314448  -0.006  -30.18  0.000
 377 59289.11215 J 16-MAR-21 1076.766 0.312   4143320103  -0.010  -70.89  0.000
 378 59289.11215 J 16-MAR-21 1185.235 0.236   4143320106  -0.006  -29.79  0.000
 379 59289.11215 J 16-MAR-21 1318.035 0.499   4143320109  -0.012  -94.63  0.000
 380 59289.11215 J 16-MAR-21 1421.157 0.268   4143320111   0.002   56.28  0.000
 381 59289.11285 J 16-MAR-21 1076.701 0.485   4143325766   0.001   43.45  0.000
 382 59289.11285 J 16-MAR-21 1185.178 0.130   4143325769  -0.008  -49.20  0.000
 383 59289.11285 J 16-MAR-21 1318.146 0.457   4143325772  -0.004   -6.64  0.000
 384 59289.11285 J 16-MAR-21 1421.335 0.284   4143325774  -0.019 -171.28  0.000
 385 59289.11354 J 16-MAR-21 1076.865 0.765   4143331429  -0.006  -30.75  0.000
 386 59289.11354 J 16-MAR-21 1185.375 0.703   4143331432  -0.006  -34.61  0.000
 387 59289.11354 J 16-MAR-21 1318.355 0.176   4143331435  -0.007  -43.01  0.000
 388 59289.11424 J 16-MAR-21 1076.688 1.107   4143337092  -0.003    0.47  0.000
 389 59289.11424 J 16-MAR-21 1185.009 0.524   4143337095  -0.011  -79.17  0.000
 390 59289.11424 J 16-MAR-21 1318.429 1.026   4143337098  -0.006  -25.47  0.000
 391 59289.11424 J 16-MAR-21 1421.203 0.193   4143337100  -0.021 -190.73  0.000
 392 59289.11493 J 16-MAR-21 1076.800 1.780   4143342755  -0.005  -23.06  0.000
 393 59289.11493 J 16-MAR-21 1185.487 0.681   4143342758  -0.011  -84.72  0.000
 394 59289.11493 J 16-MAR-21 1318.208 0.578   4143342761  -0.003   -3.32  0.000
 395 59289.11493 J 16-MAR-21 1421.820 0.425   4143342763  -0.020 -178.04  0.000
 396 59289.11562 J 16-MAR-21 1076.827 0.538   4143348418  -0.005  -24.23  0.000
 397 59289.11562 J 16-MAR-21 1185.931 0.538   4143348421  -0.003    4.42  0.000
 398 59289.11562 J 16-MAR-21 1317.794 0.784   4143348424  -0.001   24.11  0.000
 399 59289.11562 J 16-MAR-21 1421.757 0.192   4143348426  -0.023 -204.88  0.000
 400 59289.11632 J 16-MAR-21 1076.929 0.440   4143354082  -0.005  -18.50  0.000
 401 59289.11632 J 16-MAR-21 1185.712 1.582   4143354085  -0.006  -27.95  0.000
 402 59289.11632 J 16-MAR-21 1317.391 1.134   4143354088  -0.006  -27.67  0.000
 403 59289.11632 J 16-MAR-21 1421.800 0.364   4143354090  -0.001   25.79  0.000
 404 59289.11701 J 16-MAR-21 1076.854 0.643   4143359745   0.003   66.08  0.000
 405 59289.11701 J 16-MAR-21 1185.695 0.585   4143359748  -0.006  -35.10  0.000
 406 59289.11701 J 16-MAR-21 1317.894 0.252   4143359751  -0.002   14.41  0.000
 407 59289.11701 J 16-MAR-21 1421.650 0.447   4143359753  -0.015 -123.40  0.000
 408 59289.11771 J 16-MAR-21 1076.901 0.862   4143365408  -0.002   12.43  0.000
 409 59289.11771 J 16-MAR-21 1185.584 1.126   4143365411  -0.011  -80.25  0.000
 410 59289.11771 J 16-MAR-21 1318.035 0.151   4143365414  -0.010  -75.84  0.000
 411 59289.11771 J 16-MAR-21 1421.280 0.211   4143365416  -0.006  -33.43  0.000
 412 59289.11840 J 16-MAR-21 1076.960 1.899   4143371071  -0.006  -34.86  0.000
 413 59289.11840 J 16-MAR-21 1185.581 1.120   4143371074  -0.006  -33.83  0.000
 414 59289.11840 J 16-MAR-21 1317.877 0.719   4143371077  -0.007  -39.20  0.000
 415 59289.11910 J 16-MAR-21 1077.046 0.735   4143376734   0.000   34.64  0.000
 416 59289.11910 J 16-MAR-21 1185.432 0.903   4143376737  -0.005  -14.98  0.000
 417 59289.11910 J 16-MAR-21 1317.755 0.200   4143376740  -0.006  -29.66  0.000
 418 59289.11910 J 16-MAR-21 1421.273 0.650   4143376742  -0.005  -23.73  0.000
 419 59289.11979 J 16-MAR-21 1076.971 0.220   4143382397  -0.011  -86.83  0.000
 420 59289.11979 J 16-MAR-21 1185.673 0.602   4143382400  -0.006  -26.62  0.000
 421 59289.11979 J 16-MAR-21 1317.449 0.873   4143382403  -0.001   19.19  0.000
 422 59289.11979 J 16-MAR-21 1421.393 0.170   4143382405  -0.008  -52.54  0.000
 423 59289.12049 J 16-MAR-21 1077.045 1.056   4143388060  -0.007  -35.63  0.000
 424 59289.12049 J 16-MAR-21 1185.779 1.081   4143388063  -0.006  -31.56  0.000
 425 59289.12049 J 16-MAR-21 1317.732 0.190   4143388066   0.000   38.03  0.000
 426 59289.12049 J 16-MAR-21 1421.389 0.290   4143388068  -0.005  -23.22  0.000
 427 59289.12118 J 16-MAR-21 1077.001 1.116   4143393724  -0.008  -52.37  0.000
 428 59289.12118 J 16-MAR-21 1185.717 0.903   4143393727  -0.006  -26.95  0.000
 429 59289.12118 J 16-MAR-21 1318.282 0.477   4143393730  -0.009  -64.57  0.000
 430 59289.12118 J 16-MAR-21 1421.352 0.330   4143393732  -0.010  -71.56  0.000
 431 59289.12187 J 16-MAR-21 1076.901 0.729   4143399387  -0.007  -37.42  0.000
 432 59289.12187 J 16-MAR-21 1185.891 0.870   4143399390  -0.007  -36.02  0.000
 433 59289.12187 J 16-MAR-21 1318.307 0.333   4143399393  -0.001   23.20  0.000
 434 59289.12187 J 16-MAR-21 1421.535 0.319   4143399395  -0.007  -40.94  0.000
 435 59289.12257 J 16-MAR-21 1076.893 0.450   4143405050  -0.010  -74.86  0.000
 436 59289.12257 J 16-MAR-21 1185.901 0.672   4143405053  -0.010  -71.34  0.000
 437 59289.12257 J 16-MAR-21 1318.166 0.587   4143405056  -0.013 -103.47  0.000
 438 59289.12257 J 16-MAR-21 1421.555 0.455   4143405058  -0.010  -69.44  0.000
 439 59289.12326 J 16-MAR-21 1076.868 1.256   4143410713  -0.001   21.20  0.000
 440 59289.12326 J 16-MAR-21 1185.665 0.539   4143410716  -0.009  -63.55  0.000
 441 59289.12326 J 16-MAR-21 1317.759 0.521   4143410719  -0.005  -16.51  0.000
 442 59289.12326 J 16-MAR-21 1421.650 0.543   4143410721  -0.005  -15.31  0.000
 443 59289.12396 J 16-MAR-21 1076.839 1.132   4143416376  -0.006  -29.13  0.000
 444 59289.12396 J 16-MAR-21 1185.644 0.283   4143416379  -0.005  -24.45  0.000
 445 59289.12396 J 16-MAR-21 1317.868 1.307   4143416382  -0.005  -23.17  0.000
 446 59289.12396 J 16-MAR-21 1421.672 0.478   4143416384  -0.011  -80.24  0.000
 447 59289.12465 J 16-MAR-21 1076.663 0.260   4143422039  -0.006  -33.99  0.000
 448 59289.12465 J 16-MAR-21 1184.961 0.934   4143422042  -0.006  -34.08  0.000
 449 59289.12465 J 16-MAR-21 1318.324 0.603   4143422045  -0.012  -97.69  0.000
 450 59289.12465 J 16-MAR-21 1421.674 0.305   4143422047   0.004   72.04  0.000
 451 59289.12535 J 16-MAR-21 1076.580 0.214   4143427702  -0.007  -36.89  0.000
 452 59289.12535 J 16-MAR-21 1185.078 1.008   4143427705  -0.007  -45.20  0.000
 453 59289.12535 J 16-MAR-21 1318.548 0.107   4143427708  -0.009  -63.13  0.000
 454 59289.12535 J 16-MAR-21 1421.631 0.219   4143427710  -0.001   21.74  0.000
 455 59289.12604 J 16-MAR-21 1076.511 0.107   4143433366  -0.007  -42.21  0.000
 456 59289.12604 J 16-MAR-21 1185.116 0.945   4143433369  -0.006  -30.81  0.000
 457 59289.12604 J 16-MAR-21 1318.681 0.561   4143433372  -0.009  -61.94  0.000
 458 59289.12604 J 16-MAR-21 1421.541 0.185   4143433374   0.003   63.96  0.000
 459 59289.12674 J 16-MAR-21 1076.457 0.554   4143439029  -0.006  -31.98  0.000
 460 59289.12674 J 16-MAR-21 1185.034 0.433   4143439032  -0.007  -35.67  0.000
 461 59289.12674 J 16-MAR-21 1318.279 0.453   4143439035  -0.006  -29.24  0.000
 462 59289.12674 J 16-MAR-21 1421.654 0.749   4143439037  -0.006  -26.67  0.000
 463 59289.12743 J 16-MAR-21 1076.320 0.690   4143444692  -0.006  -28.61  0.000
 464 59289.12743 J 16-MAR-21 1185.243 0.653   4143444695  -0.005  -17.61  0.000
 465 59289.12743 J 16-MAR-21 1318.465 1.027   4143444698  -0.011  -86.18  0.000
 466 59289.12743 J 16-MAR-21 1421.698 0.085   4143444700  -0.007  -44.27  0.000
 467 59289.12812 J 16-MAR-21 1076.183 2.109   4143450355  -0.007  -39.93  0.000
 468 59289.12812 J 16-MAR-21 1185.335 0.447   4143450358  -0.003    3.21  0.000
 469 59289.12812 J 16-MAR-21 1318.283 0.118   4143450361   0.006   96.57  0.000
 470 59289.12812 J 16-MAR-21 1421.712 0.822   4143450363  -0.005  -18.02  0.000
 471 59294.09425 O 21-MAR-21 1076.426 0.573   4183948853  -0.005  -21.21  0.000
 472 59294.09425 O 21-MAR-21 1185.196 0.375   4183948856   0.002   55.98  0.000
 473 59294.09425 O 21-MAR-21 1318.494 0.414   4183948859  -0.006  -27.37  0.000
 474 59294.09425 O 21-MAR-21 1420.360 0.301   4183948861  -0.010  -74.22  0.000
 475 59294.09479 O 21-MAR-21 1076.687 0.974   4183953243  -0.004   -9.38  0.000
 476 59294.09479 O 21-MAR-21 1184.939 0.786   4183953246  -0.007  -36.36  0.000
 477 59294.09479 O 21-MAR-21 1317.905 0.449   4183953249  -0.006  -29.13  0.000
 478 59294.09479 O 21-MAR-21 1420.370 0.290   4183953251  -0.013  -99.37  0.000
 479 59294.09549 O 21-MAR-21 1076.681 1.511   4183958906  -0.006  -27.61  0.000
 480 59294.09549 O 21-MAR-21 1185.064 0.295   4183958909  -0.009  -67.11  0.000
 481 59294.09549 O 21-MAR-21 1318.543 0.287   4183958912  -0.005  -23.17  0.000
 482 59294.09549 O 21-MAR-21 1420.299 1.360   4183958914  -0.005  -22.26  0.000
 483 59294.09618 O 21-MAR-21 1076.711 0.915   4183964569  -0.005  -17.25  0.000
 484 59294.09618 O 21-MAR-21 1185.178 0.514   4183964572  -0.001   19.89  0.000
 485 59294.09618 O 21-MAR-21 1318.554 0.935   4183964575   0.003   60.83  0.000
 486 59294.09618 O 21-MAR-21 1420.370 1.307   4183964577  -0.007  -37.12  0.000
 487 59294.09687 O 21-MAR-21 1076.779 0.873   4183970232  -0.005  -21.11  0.000
 488 59294.09687 O 21-MAR-21 1185.672 0.237   4183970235  -0.005  -17.22  0.000
 489 59294.09687 O 21-MAR-21 1317.926 0.409   4183970238  -0.007  -36.36  0.000
 490 59294.09687 O 21-MAR-21 1420.387 0.530   4183970240  -0.007  -36.34  0.000
 491 59294.09757 O 21-MAR-21 1076.718 1.039   4183975895  -0.007  -38.26  0.000
 492 59294.09757 O 21-MAR-21 1185.569 0.516   4183975898  -0.006  -31.39  0.000
 493 59294.09757 O 21-MAR-21 1317.779 0.413   4183975901  -0.006  -32.04  0.000
 494 59294.09757 O 21-MAR-21 1420.448 0.981   4183975903  -0.004   -6.51  0.000
 495 59294.09826 O 21-MAR-21 1076.799 1.567   4183981559  -0.006  -29.67  0.000
 496 59294.09826 O 21-MAR-21 1185.605 0.175   4183981562  -0.004   -8.67  0.000
 497 59294.09826 O 21-MAR-21 1317.710 0.903   4183981565  -0.001   18.45  0.000
 498 59294.09826 O 21-MAR-21 1420.416 0.423   4183981567  -0.005  -19.24  0.000
 499 59294.09896 O 21-MAR-21 1076.689 2.000   4183987222  -0.005  -15.62  0.000
 500 59294.09896 O 21-MAR-21 1185.105 0.324   4183987225  -0.010  -71.41  0.000
 501 59294.09896 O 21-MAR-21 1318.977 0.290   4183987228  -0.005  -23.82  0.000
 502 59294.09896 O 21-MAR-21 1420.368 0.939   4183987230  -0.008  -50.89  0.000
 503 59294.09965 O 21-MAR-21 1076.695 1.892   4183992885  -0.007  -38.25  0.000
 504 59294.09965 O 21-MAR-21 1185.324 0.830   4183992888  -0.010  -69.14  0.000
 505 59294.09965 O 21-MAR-21 1319.206 0.923   4183992891  -0.011  -78.69  0.000
 506 59294.09965 O 21-MAR-21 1420.371 0.454   4183992893  -0.008  -49.88  0.000
 507 59294.10035 O 21-MAR-21 1076.567 1.574   4183998548  -0.006  -34.43  0.000
 508 59294.10035 O 21-MAR-21 1185.451 0.986   4183998551  -0.006  -26.77  0.000
 509 59294.10035 O 21-MAR-21 1319.034 0.390   4183998554  -0.014 -109.72  0.000
 510 59294.10035 O 21-MAR-21 1420.413 0.990   4183998556  -0.006  -32.50  0.000
 511 59294.10104 O 21-MAR-21 1076.771 1.489   4184004211  -0.003    2.54  0.000
 512 59294.10104 O 21-MAR-21 1185.504 1.018   4184004214  -0.001   19.45  0.000
 513 59294.10104 O 21-MAR-21 1319.122 0.363   4184004217  -0.010  -70.00  0.000
 514 59294.10104 O 21-MAR-21 1420.862 0.521   4184004219  -0.006  -30.22  0.000
 515 59294.10174 O 21-MAR-21 1076.732 0.995   4184009874  -0.006  -30.31  0.000
 516 59294.10174 O 21-MAR-21 1185.343 0.376   4184009877  -0.004   -3.90  0.000
 517 59294.10174 O 21-MAR-21 1318.806 0.666   4184009880  -0.005  -14.30  0.000
 518 59294.10174 O 21-MAR-21 1420.956 1.071   4184009882  -0.006  -29.93  0.000
 519 59294.10243 O 21-MAR-21 1076.678 1.884   4184015538  -0.007  -44.69  0.000
 520 59294.10243 O 21-MAR-21 1185.120 0.973   4184015541  -0.006  -30.20  0.000
 521 59294.10243 O 21-MAR-21 1318.523 0.720   4184015544  -0.006  -26.15  0.000
 522 59294.10243 O 21-MAR-21 1421.144 0.814   4184015546  -0.005  -17.91  0.000
 523 59294.10312 O 21-MAR-21 1076.566 0.351   4184021201  -0.005  -20.37  0.000
 524 59294.10312 O 21-MAR-21 1185.242 0.939   4184021204  -0.006  -33.98  0.000
 525 59294.10312 O 21-MAR-21 1318.555 1.191   4184021207  -0.002   16.77  0.000
 526 59294.10312 O 21-MAR-21 1420.517 0.753   4184021209  -0.008  -53.90  0.000
 527 58780.97822 U 24-OCT-19 1654.565 2.771      -164562  -0.004   -7.33  0.000
 528 58780.97822 U 24-OCT-19 1469.407 6.030      -164564  -0.003    2.57  0.000
 529 58780.97822 U 24-OCT-19 1283.359 3.578      -164566  -0.002   13.10  0.000
 530 58780.97822 U 24-OCT-19 1163.496 3.956      -164569  -0.002   16.79  0.000
 531 58780.97882 U 24-OCT-19 1653.740 0.069      -159654   0.008  116.45  0.000
 532 58780.97882 U 24-OCT-19 1469.454 7.653      -159656  -0.003    3.13  0.000
 533 58780.97882 U 24-OCT-19 1282.115 5.526      -159658  -0.003    5.34  0.000
 534 58780.97882 U 24-OCT-19 1163.624 5.693      -159661  -0.002   11.91  0.000
 535 58780.97943 U 24-OCT-19 1654.129 1.310      -154692  -0.003   -2.72  0.000
 536 58780.97943 U 24-OCT-19 1468.552 6.576      -154694  -0.008  -48.75  0.000
 537 58780.97943 U 24-OCT-19 1281.950 6.835      -154696  -0.002    8.84  0.000
 538 58780.97943 U 24-OCT-19 1163.666 5.034      -154699  -0.002   16.47  0.000
 539 58782.96865 W 26-OCT-19 1659.140 0.544     16064714   0.015  193.47  0.000
 540 58782.96865 W 26-OCT-19 1470.026 0.458     16064712  -0.019 -164.34  0.000
 541 58782.96865 W 26-OCT-19 1302.434 3.215     16064710  -0.002    8.01  0.000
 542 58782.96910 W 26-OCT-19 1660.343 2.695     16068348   0.002   51.59  0.000
 543 58782.96910 W 26-OCT-19 1470.561 2.939     16068346  -0.003   -2.53  0.000
 544 58782.96910 W 26-OCT-19 1300.441 3.909     16068344  -0.003    6.53  0.000
 545 58782.96979 W 26-OCT-19 1659.489 2.296     16074010   0.002   50.85  0.000
 546 58782.96979 W 26-OCT-19 1470.382 2.465     16074008  -0.003   -0.29  0.000
 547 58782.96979 W 26-OCT-19 1299.271 1.766     16074006  -0.002    8.30  0.000
 548 58784.96359 Y 28-OCT-19 1659.721 0.219     32330694  -0.008  -48.96  0.000
 549 58784.96359 Y 28-OCT-19 1465.840 0.286     32330692  -0.003    4.73  0.000
 550 58784.96359 Y 28-OCT-19 1284.731 3.887     32330690  -0.003   -1.99  0.000
 551 58784.96359 Y 28-OCT-19 1168.969 0.305     32330687   0.017  215.61  0.000
 552 58784.96424 Y 28-OCT-19 1659.405 1.007     32335979  -0.008  -54.27  0.000
 553 58784.96424 Y 28-OCT-19 1466.283 1.314     32335977  -0.004   -8.01  0.000
 554 58784.96424 Y 28-OCT-19 1283.803 1.345     32335975   0.002   57.34  0.000
 555 58784.96424 Y 28-OCT-19 1168.905 0.641     32335972  -0.018 -159.46  0.000
 556 58784.96493 Y 28-OCT-19 1659.480 0.602     32341641  -0.001   27.03  0.000
 557 58784.96493 Y 28-OCT-19 1466.659 2.002     32341639   0.002   57.31  0.000
 558 58784.96493 Y 28-OCT-19 1281.448 0.907     32341637  -0.001   23.66  0.000
 559 58784.96493 Y 28-OCT-19 1169.382 0.536     32341634  -0.014 -110.72  0.000
 560 58784.96562 Y 28-OCT-19 1659.360 0.520     32347303  -0.008  -50.50  0.000
 561 58784.96562 Y 28-OCT-19 1463.876 1.077     32347301   0.010  136.58  0.000
 562 58784.96562 Y 28-OCT-19 1281.070 1.246     32347299  -0.007  -37.72  0.000
 563 58784.96562 Y 28-OCT-19 1168.838 0.584     32347296   0.005   91.20  0.000
 564 58784.96632 Y 28-OCT-19 1658.482 1.537     32352966   0.005   88.31  0.000
 565 58784.96632 Y 28-OCT-19 1466.416 0.883     32352964  -0.010  -72.40  0.000
 566 58784.96632 Y 28-OCT-19 1281.568 3.237     32352962  -0.001   22.91  0.000
 567 58784.96632 Y 28-OCT-19 1168.546 0.476     32352959   0.002   53.18  0.000
 568 58784.96701 Y 28-OCT-19 1658.770 1.287     32358628  -0.012  -96.38  0.000
 569 58784.96701 Y 28-OCT-19 1467.484 1.914     32358626  -0.002    8.33  0.000
 570 58784.96701 Y 28-OCT-19 1280.405 1.079     32358623   0.008  117.16  0.000
 571 58784.96701 Y 28-OCT-19 1168.933 0.494     32358621   0.009  124.98  0.000
 572 58784.96764 Y 28-OCT-19 1657.980 1.119     32363725  -0.016 -137.53  0.000
 573 58784.96764 Y 28-OCT-19 1466.001 2.065     32363723  -0.007  -37.24  0.000
 574 58784.96764 Y 28-OCT-19 1280.970 0.342     32363721  -0.007  -41.72  0.000
 575 58794.93598 I  7-NOV-19 1655.786 0.137    113641924  -0.010  -69.47  0.000
 576 58794.93598 I  7-NOV-19 1465.178 0.826    113641922  -0.000   28.61  0.000
 577 58794.93598 I  7-NOV-19 1286.745 0.801    113641920   0.005   90.54  0.000
 578 58794.93646 I  7-NOV-19 1655.114 0.981    113645793  -0.011  -85.32  0.000
 579 58794.93646 I  7-NOV-19 1465.706 1.396    113645791   0.005   85.61  0.000
 580 58794.93646 I  7-NOV-19 1283.616 1.085    113645789   0.000   37.63  0.000
 581 58794.93715 I  7-NOV-19 1656.039 1.191    113651455  -0.005  -22.99  0.000
 582 58794.93715 I  7-NOV-19 1466.568 1.815    113651453  -0.004   -9.24  0.000
 583 58794.93715 I  7-NOV-19 1284.671 1.996    113651451   0.013  170.32  0.000
 584 58794.93715 I  7-NOV-19 1164.163 0.285    113651448   0.002   54.69  0.000
 585 58794.93785 I  7-NOV-19 1466.515 1.120    113657115  -0.003   -1.29  0.000
 586 58794.93785 I  7-NOV-19 1284.418 1.517    113657113  -0.010  -72.91  0.000
 587 58794.93841 I  7-NOV-19 1655.196 2.491    113661747  -0.010  -69.46  0.000
 588 58794.93841 I  7-NOV-19 1465.948 0.621    113661745  -0.003   -1.68  0.000
 589 58794.93841 I  7-NOV-19 1283.340 1.341    113661743  -0.002   17.21  0.000
 590 58794.93841 I  7-NOV-19 1163.565 0.646    113661740  -0.000   32.99  0.000
 591 58809.89001 X 22-NOV-19 1650.775 0.284    235571775  -0.004   -3.60  0.000
 592 58809.89001 X 22-NOV-19 1469.231 1.059    235571773  -0.003   -0.27  0.000
 593 58809.89001 X 22-NOV-19 1287.143 1.412    235571771  -0.002   11.12  0.000
 594 58809.89001 X 22-NOV-19 1163.687 0.398    235571768  -0.021 -185.30  0.000
 595 58809.89062 X 22-NOV-19 1650.712 0.767    235576824   0.001   46.20  0.000
 596 58809.89062 X 22-NOV-19 1468.768 0.992    235576822  -0.003   -1.29  0.000
 597 58809.89062 X 22-NOV-19 1287.620 1.762    235576820  -0.002   15.09  0.000
 598 58809.89062 X 22-NOV-19 1164.009 0.334    235576817  -0.002   16.14  0.000
 599 58809.89132 X 22-NOV-19 1650.563 1.174    235582486   0.001   46.10  0.000
 600 58809.89132 X 22-NOV-19 1469.520 0.689    235582484   0.010  139.17  0.000
 601 58809.89132 X 22-NOV-19 1287.911 3.443    235582482  -0.002   10.27  0.000
 602 58809.89132 X 22-NOV-19 1163.392 0.404    235582479   0.017  212.47  0.000
 603 58809.89201 X 22-NOV-19 1650.791 1.529    235588149  -0.003   -1.66  0.000
 604 58809.89201 X 22-NOV-19 1468.080 1.136    235588147  -0.004   -5.23  0.000
 605 58809.89201 X 22-NOV-19 1286.720 1.897    235588145  -0.002   16.14  0.000
 606 58809.89201 X 22-NOV-19 1163.380 0.537    235588142  -0.009  -62.39  0.000
 607 58809.89271 X 22-NOV-19 1651.305 0.559    235593811  -0.004   -4.25  0.000
 608 58809.89271 X 22-NOV-19 1468.250 2.665    235593809  -0.003    1.96  0.000
 609 58809.89271 X 22-NOV-19 1285.048 1.618    235593807  -0.002   15.39  0.000
 610 58809.89271 X 22-NOV-19 1164.147 1.318    235593804  -0.015 -120.69  0.000
 611 58809.89340 X 22-NOV-19 1470.002 1.533    235599471   0.001   48.80  0.000
 612 58809.89340 X 22-NOV-19 1285.367 0.924    235599469  -0.010  -67.67  0.000
 613 58809.89340 X 22-NOV-19 1164.318 0.874    235599466  -0.021 -190.28  0.000
 614 58809.89406 X 22-NOV-19 1647.926 0.694    235604807   0.000   38.09  0.000
 615 58809.89406 X 22-NOV-19 1469.880 2.556    235604805  -0.003    3.86  0.000
 616 58809.89406 X 22-NOV-19 1285.479 1.604    235604803  -0.002   11.73  0.000
 617 58809.89406 X 22-NOV-19 1163.828 0.985    235604800  -0.014 -113.94  0.000
 618 58835.82471 X 18-DEC-19 1644.636 2.059    447037066  -0.003    3.24  0.000
 619 58835.82471 X 18-DEC-19 1473.089 1.373    447037064  -0.012  -95.54  0.000
 620 58835.82471 X 18-DEC-19 1279.931 3.091    447037061  -0.002   11.00  0.000
 621 58835.82535 X 18-DEC-19 1645.079 1.656    447042256  -0.004  -10.53  0.000
 622 58835.82535 X 18-DEC-19 1471.823 6.102    447042254  -0.003    4.95  0.000
 623 58835.82535 X 18-DEC-19 1280.615 2.504    447042251  -0.002    7.39  0.000
 624 58835.82535 X 18-DEC-19 1168.572 0.412    447042249   0.005   87.61  0.000
 625 58835.82604 X 18-DEC-19 1645.954 1.095    447047919  -0.004  -11.59  0.000
 626 58835.82604 X 18-DEC-19 1472.097 3.839    447047917  -0.003    0.80  0.000
 627 58835.82604 X 18-DEC-19 1280.784 2.139    447047915  -0.011  -80.66  0.000
 628 58835.82604 X 18-DEC-19 1168.540 2.020    447047912   0.011  152.04  0.000
 629 58835.82674 X 18-DEC-19 1648.253 0.804    447053581  -0.004   -4.57  0.000
 630 58835.82674 X 18-DEC-19 1471.808 3.225    447053579  -0.002    7.59  0.000
 631 58835.82674 X 18-DEC-19 1280.406 1.016    447053577  -0.023 -214.50  0.000
 632 58835.82674 X 18-DEC-19 1168.362 0.726    447053574   0.000   36.58  0.000
 633 58835.82743 X 18-DEC-19 1647.075 1.624    447059244   0.005   88.22  0.000
 634 58835.82743 X 18-DEC-19 1471.358 3.401    447059242  -0.003    0.01  0.000
 635 58835.82743 X 18-DEC-19 1280.829 0.295    447059239   0.010  142.29  0.000
 636 58938.48793 W 30-MAR-20 1284.848 1.144   1284202202  -0.004  -12.35  0.000
 637 58938.48793 W 30-MAR-20 1165.373 0.674   1284202199   0.015  192.39  0.000
 638 58938.48854 W 30-MAR-20 1472.402 1.554   1284207159   0.002   59.22  0.000
 639 58938.48854 W 30-MAR-20 1284.858 0.973   1284207157   0.015  196.34  0.000
 640 58938.48924 W 30-MAR-20 1653.946 0.660   1284212825   0.018  226.63  0.000
 641 58938.48924 W 30-MAR-20 1473.969 0.276   1284212823  -0.017 -150.28  0.000
 642 58938.48924 W 30-MAR-20 1285.214 1.347   1284212821  -0.002   12.95  0.000
 643 58938.48993 W 30-MAR-20 1653.672 0.257   1284218488  -0.003   -0.00  0.000
 644 58938.48993 W 30-MAR-20 1472.820 0.735   1284218486   0.003   69.41  0.000
 645 58938.48993 W 30-MAR-20 1285.380 0.920   1284218484   0.008  123.08  0.000
 646 58938.48993 W 30-MAR-20 1164.362 0.501   1284218481  -0.019 -164.46  0.000
 647 58938.49062 W 30-MAR-20 1653.015 0.341   1284224151   0.010  137.31  0.000
 648 58938.49062 W 30-MAR-20 1473.733 0.582   1284224149  -0.018 -156.93  0.000
 649 58938.49062 W 30-MAR-20 1284.607 0.478   1284224147   0.008  114.54  0.000
 650 58938.49062 W 30-MAR-20 1165.239 0.425   1284224144   0.013  166.25  0.000
 651 58938.49132 W 30-MAR-20 1472.564 0.637   1284229812   0.001   44.56  0.000
 652 58938.49201 W 30-MAR-20 1652.698 0.490   1284235477  -0.004   -6.15  0.000
 653 58938.49201 W 30-MAR-20 1473.304 0.526   1284235475   0.017  210.95  0.000
 654 58938.49201 W 30-MAR-20 1284.471 1.872   1284235473  -0.004   -3.92  0.000
 655 58938.49201 W 30-MAR-20 1165.186 0.816   1284235470   0.012  158.18  0.000
 656 58938.49271 W 30-MAR-20 1472.805 0.509   1284241139  -0.008  -50.06  0.000
 657 58938.49271 W 30-MAR-20 1284.970 0.385   1284241137  -0.003   -1.94  0.000
 658 58938.49271 W 30-MAR-20 1165.423 0.323   1284241134  -0.018 -156.37  0.000
 659 58938.49340 W 30-MAR-20 1652.930 0.623   1284246804  -0.007  -36.05  0.000
 660 58938.49340 W 30-MAR-20 1471.398 0.438   1284246802  -0.020 -176.40  0.000
 661 58938.49340 W 30-MAR-20 1284.654 1.489   1284246800  -0.004   -5.81  0.000
 662 58938.49340 W 30-MAR-20 1165.066 0.077   1284246797  -0.013 -107.01  0.000
 663 58938.49410 W 30-MAR-20 1654.360 0.700   1284252467   0.004   74.17  0.000
 664 58938.49410 W 30-MAR-20 1471.556 1.963   1284252465  -0.004   -5.55  0.000
 665 58938.49410 W 30-MAR-20 1285.039 1.796   1284252463  -0.003   -2.37  0.000
 666 58938.49410 W 30-MAR-20 1164.196 0.658   1284252460   0.010  137.14  0.000
 667 58938.49479 W 30-MAR-20 1473.187 1.086   1284258128  -0.001   24.98  0.000
 668 58938.49479 W 30-MAR-20 1284.565 0.409   1284258126  -0.015 -126.03  0.000
 669 58938.49479 W 30-MAR-20 1164.729 0.500   1284258123  -0.017 -148.51  0.000
 670 58938.49549 W 30-MAR-20 1652.327 0.234   1284263794  -0.013 -105.97  0.000
 671 58938.49549 W 30-MAR-20 1284.533 0.725   1284263790  -0.001   28.17  0.000
 672 58938.49549 W 30-MAR-20 1165.351 0.192   1284263787   0.005   85.58  0.000
 673 58938.49618 W 30-MAR-20 1650.653 0.257   1284269457   0.002   52.22  0.000
 674 58938.49618 W 30-MAR-20 1473.574 0.138   1284269455   0.001   42.29  0.000
 675 58938.49618 W 30-MAR-20 1284.800 1.217   1284269453  -0.004   -7.66  0.000
 676 58938.49618 W 30-MAR-20 1165.319 0.171   1284269450  -0.012  -97.51  0.000
 677 58938.49687 W 30-MAR-20 1651.730 0.516   1284275120  -0.014 -113.92  0.000
 678 58938.49687 W 30-MAR-20 1473.209 0.628   1284275118   0.001   44.40  0.000
 679 58938.49687 W 30-MAR-20 1284.820 1.353   1284275116  -0.009  -61.33  0.000
 680 58938.49687 W 30-MAR-20 1165.074 0.208   1284275113  -0.021 -189.03  0.000
 681 58938.49757 W 30-MAR-20 1284.504 0.783   1284280779  -0.017 -146.79  0.000
 682 58938.49757 W 30-MAR-20 1165.351 0.098   1284280776   0.007  105.79  0.000
 683 58938.49826 W 30-MAR-20 1474.198 1.067   1284286444   0.020  249.59  0.000
 684 58938.49826 W 30-MAR-20 1284.484 0.642   1284286442   0.003   64.59  0.000
 685 58938.49896 W 30-MAR-20 1474.015 0.812   1284292108  -0.001   22.50  0.000
 686 58938.49896 W 30-MAR-20 1284.723 1.048   1284292106  -0.006  -30.45  0.000
 687 58938.49965 W 30-MAR-20 1651.758 0.194   1284297773  -0.010  -67.42  0.000
 688 58938.49965 W 30-MAR-20 1284.525 0.669   1284297769  -0.004   -7.83  0.000
 689 58938.50020 W 30-MAR-20 1473.917 0.499   1284302265   0.002   54.00  0.000
 690 58945.47262 D  6-APR-20 1651.885 2.947   1341162690   0.009  126.06  0.000
 691 58945.47262 D  6-APR-20 1473.323 4.095   1341162688  -0.003    4.66  0.000
 692 58945.47262 D  6-APR-20 1282.100 1.083   1341162686   0.006  100.46  0.000
 693 58945.47326 D  6-APR-20 1652.145 1.253   1341167976   0.009  132.37  0.000
 694 58945.47326 D  6-APR-20 1473.311 1.212   1341167974   0.008  113.16  0.000
 695 58945.47326 D  6-APR-20 1281.894 1.464   1341167971   0.003   68.17  0.000
 696 58945.47396 D  6-APR-20 1651.505 0.857   1341173639   0.010  142.16  0.000
 697 58945.47396 D  6-APR-20 1472.965 3.774   1341173637  -0.006  -33.62  0.000
 698 58945.47396 D  6-APR-20 1281.599 0.874   1341173634   0.003   60.28  0.000
 699 58945.47396 D  6-APR-20 1165.230 0.247   1341173632  -0.017 -151.67  0.000
 700 58945.47465 D  6-APR-20 1651.476 1.527   1341179302   0.004   74.54  0.000
 701 58945.47465 D  6-APR-20 1472.998 3.058   1341179300  -0.004   -7.40  0.000
 702 58945.47465 D  6-APR-20 1281.760 2.519   1341179298  -0.005  -17.73  0.000
 703 58945.47465 D  6-APR-20 1165.210 0.285   1341179295  -0.004   -7.66  0.000
 704 58945.47535 D  6-APR-20 1651.365 0.888   1341184965   0.006   99.80  0.000
 705 58945.47535 D  6-APR-20 1472.796 3.487   1341184963  -0.001   18.72  0.000
 706 58945.47535 D  6-APR-20 1281.813 1.647   1341184961  -0.007  -43.42  0.000
 707 58945.47604 D  6-APR-20 1651.467 2.912   1341190629   0.005   83.57  0.000
 708 58945.47604 D  6-APR-20 1472.899 3.339   1341190627  -0.003    4.69  0.000
 709 58945.47604 D  6-APR-20 1281.804 1.333   1341190625  -0.012  -94.13  0.000
 710 58945.47604 D  6-APR-20 1164.902 0.718   1341190622   0.006   92.04  0.000
 711 58945.47674 D  6-APR-20 1651.877 2.001   1341196292   0.013  167.06  0.000
 712 58945.47674 D  6-APR-20 1472.084 1.208   1341196290  -0.003    3.56  0.000
 713 58945.47674 D  6-APR-20 1281.725 2.276   1341196288  -0.010  -74.79  0.000
 714 58945.47674 D  6-APR-20 1164.988 0.333   1341196285   0.002   51.40  0.000
 715 58945.47743 D  6-APR-20 1651.336 0.450   1341201955  -0.002   10.72  0.000
 716 58945.47743 D  6-APR-20 1472.734 1.895   1341201953  -0.007  -43.44  0.000
 717 58945.47743 D  6-APR-20 1281.730 2.262   1341201951  -0.001   23.81  0.000
 718 58945.47743 D  6-APR-20 1164.849 0.662   1341201948  -0.015 -129.58  0.000
 719 58945.47812 D  6-APR-20 1650.925 1.498   1341207618   0.007  105.89  0.000
 720 58945.47812 D  6-APR-20 1472.337 2.675   1341207616  -0.008  -47.04  0.000
 721 58945.47812 D  6-APR-20 1281.480 1.804   1341207614   0.008  118.67  0.000
 722 58945.47812 D  6-APR-20 1164.988 0.564   1341207611   0.006   99.90  0.000
 723 58945.47882 D  6-APR-20 1650.841 0.817   1341213282  -0.002   10.33  0.000
 724 58945.47882 D  6-APR-20 1473.694 4.059   1341213280   0.002   53.43  0.000
 725 58945.47882 D  6-APR-20 1281.627 0.633   1341213277  -0.002    7.13  0.000
 726 58945.47882 D  6-APR-20 1165.185 1.372   1341213275  -0.002    8.21  0.000
 727 58945.47951 D  6-APR-20 1650.847 0.846   1341218945  -0.002    8.34  0.000
 728 58945.47951 D  6-APR-20 1473.788 1.787   1341218943  -0.001   24.89  0.000
 729 58945.47951 D  6-APR-20 1281.667 0.115   1341218941   0.011  153.11  0.000
 730 58945.47951 D  6-APR-20 1164.838 0.917   1341218938   0.001   47.83  0.000
 731 58945.48021 D  6-APR-20 1650.491 1.812   1341224608   0.008  121.28  0.000
 732 58945.48021 D  6-APR-20 1472.255 2.294   1341224606  -0.005  -14.59  0.000
 733 58945.48021 D  6-APR-20 1281.412 3.138   1341224604   0.005   82.80  0.000
 734 58945.48021 D  6-APR-20 1165.048 0.489   1341224601  -0.003    1.72  0.000
 735 58945.48090 D  6-APR-20 1650.219 0.747   1341230271   0.003   66.24  0.000
 736 58945.48090 D  6-APR-20 1472.867 4.779   1341230269   0.002   51.13  0.000
 737 58945.48090 D  6-APR-20 1281.924 1.335   1341230266   0.000   38.32  0.000
 738 58945.48090 D  6-APR-20 1164.981 0.160   1341230264  -0.012  -92.71  0.000
 739 58945.48160 D  6-APR-20 1650.285 0.886   1341235935   0.006   99.67  0.000
 740 58945.48160 D  6-APR-20 1473.688 1.291   1341235933  -0.003   -2.24  0.000
 741 58945.48160 D  6-APR-20 1281.660 3.538   1341235930   0.009  128.62  0.000
 742 58945.48160 D  6-APR-20 1165.050 0.741   1341235928  -0.003   -3.22  0.000
 743 58945.48229 D  6-APR-20 1649.832 1.491   1341241598  -0.002    7.73  0.000
 744 58945.48229 D  6-APR-20 1473.884 1.941   1341241596  -0.002   16.72  0.000
 745 58945.48229 D  6-APR-20 1281.107 2.260   1341241593   0.005   87.22  0.000
 746 58945.48229 D  6-APR-20 1165.119 0.198   1341241591   0.012  155.78  0.000
 747 58945.48299 D  6-APR-20 1649.927 1.935   1341247261   0.011  151.50  0.000
 748 58945.48299 D  6-APR-20 1474.203 3.417   1341247259  -0.004  -13.99  0.000
 749 58945.48299 D  6-APR-20 1281.218 0.301   1341247257  -0.003    3.35  0.000
 750 58945.48299 D  6-APR-20 1165.059 0.678   1341247254   0.012  157.81  0.000
 751 58945.48368 D  6-APR-20 1648.821 0.347   1341252924   0.002   56.95  0.000
 752 58945.48368 D  6-APR-20 1474.027 0.798   1341252922   0.004   76.37  0.000
 753 58945.48368 D  6-APR-20 1281.460 1.673   1341252920  -0.002    9.05  0.000
 754 58945.48368 D  6-APR-20 1165.161 0.913   1341252917  -0.008  -51.57  0.000
 755 58945.48437 D  6-APR-20 1650.717 0.398   1341258588   0.003   62.78  0.000
 756 58945.48437 D  6-APR-20 1473.603 1.549   1341258586   0.000   35.61  0.000
 757 58945.48437 D  6-APR-20 1281.352 2.341   1341258584  -0.018 -158.07  0.000
 758 58945.48437 D  6-APR-20 1164.993 0.952   1341258581  -0.001   27.15  0.000
 759 58952.44965 K 13-APR-20 1647.246 0.672   1398061078  -0.017 -146.17  0.000
 760 58952.44965 K 13-APR-20 1472.135 2.135   1398061076   0.013  172.69  0.000
 761 58952.44965 K 13-APR-20 1281.727 0.516   1398061073   0.003   65.40  0.000
 762 58952.45035 K 13-APR-20 1647.228 0.478   1398066741  -0.001   25.25  0.000
 763 58952.45035 K 13-APR-20 1470.970 1.521   1398066739  -0.006  -24.99  0.000
 764 58952.45035 K 13-APR-20 1282.015 0.379   1398066737  -0.002   15.61  0.000
 765 58952.45035 K 13-APR-20 1164.616 0.394   1398066734  -0.008  -55.93  0.000
 766 58952.45104 K 13-APR-20 1648.114 0.294   1398072404  -0.000   30.98  0.000
 767 58952.45104 K 13-APR-20 1473.124 1.747   1398072402  -0.002   10.64  0.000
 768 58952.45174 K 13-APR-20 1472.587 0.556   1398078065   0.006   91.94  0.000
 769 58952.45174 K 13-APR-20 1281.458 0.294   1398078063  -0.006  -24.88  0.000
 770 58952.45243 K 13-APR-20 1646.894 1.055   1398083731  -0.018 -157.51  0.000
 771 58952.45243 K 13-APR-20 1471.203 0.757   1398083729   0.005   87.20  0.000
 772 58952.45243 K 13-APR-20 1281.479 1.206   1398083727  -0.009  -59.70  0.000
 773 58952.45243 K 13-APR-20 1164.787 0.818   1398083724  -0.002    7.99  0.000
 774 58952.45312 K 13-APR-20 1647.286 0.449   1398089394  -0.005  -15.66  0.000
 775 58952.45312 K 13-APR-20 1470.796 0.607   1398089392  -0.009  -64.18  0.000
 776 58952.45312 K 13-APR-20 1282.189 1.044   1398089390  -0.002    8.64  0.000
 777 58952.45382 K 13-APR-20 1646.383 0.790   1398095057   0.013  176.31  0.000
 778 58952.45382 K 13-APR-20 1472.785 1.310   1398095055  -0.009  -62.97  0.000
 779 58952.45382 K 13-APR-20 1281.485 1.979   1398095053  -0.014 -118.54  0.000
 780 58952.45451 K 13-APR-20 1645.876 1.939   1398100721   0.002   49.59  0.000
 781 58952.45451 K 13-APR-20 1473.631 0.884   1398100719  -0.001   24.95  0.000
 782 58952.45451 K 13-APR-20 1281.606 1.118   1398100717   0.002   51.29  0.000
 783 58952.45451 K 13-APR-20 1165.092 0.545   1398100714  -0.005  -16.40  0.000
 784 58952.45521 K 13-APR-20 1645.214 1.459   1398106384   0.006  101.06  0.000
 785 58952.45521 K 13-APR-20 1472.554 0.773   1398106382   0.013  172.49  0.000
 786 58952.45521 K 13-APR-20 1281.947 1.041   1398106380  -0.017 -146.37  0.000
 787 58952.45590 K 13-APR-20 1645.972 0.742   1398112047  -0.007  -43.64  0.000
 788 58952.45590 K 13-APR-20 1471.279 0.713   1398112045   0.002   58.37  0.000
 789 58952.45590 K 13-APR-20 1281.801 1.327   1398112043   0.008  113.44  0.000
 790 58952.45660 K 13-APR-20 1645.749 1.048   1398117710   0.001   44.50  0.000
 791 58952.45660 K 13-APR-20 1471.474 1.291   1398117708  -0.004   -5.58  0.000
 792 58952.45660 K 13-APR-20 1281.630 1.403   1398117706  -0.007  -42.24  0.000
 793 58952.45729 K 13-APR-20 1471.888 2.136   1398123372  -0.002   13.85  0.000
 794 58952.45729 K 13-APR-20 1282.107 1.346   1398123370   0.003   61.31  0.000
 795 58952.45799 K 13-APR-20 1646.036 0.750   1398129037  -0.002   16.98  0.000
 796 58952.45799 K 13-APR-20 1471.101 0.120   1398129035   0.013  172.80  0.000
 797 58952.45799 K 13-APR-20 1282.034 0.992   1398129033  -0.005  -22.89  0.000
 798 58952.45855 K 13-APR-20 1646.019 0.310   1398133663  -0.006  -32.71  0.000
 799 58952.45855 K 13-APR-20 1471.319 0.494   1398133661  -0.002   14.30  0.000
 800 58952.45855 K 13-APR-20 1282.417 0.616   1398133659  -0.005  -14.33  0.000
 801 58952.45855 K 13-APR-20 1164.134 0.810   1398133656   0.010  139.34  0.000
 802 58997.32118 D 28-MAY-20 1658.463 2.655   1763993650   0.008  117.96  0.000
 803 58997.32118 D 28-MAY-20 1467.943 0.996   1763993648  -0.010  -75.65  0.000
 804 58997.32118 D 28-MAY-20 1280.090 0.265   1763993645   0.004   72.61  0.000
 805 58997.32187 D 28-MAY-20 1657.807 1.949   1763999314  -0.004   -8.69  0.000
 806 58997.32187 D 28-MAY-20 1469.757 2.555   1763999312  -0.007  -41.31  0.000
 807 58997.32188 D 28-MAY-20 1281.114 1.617   1763999310  -0.004   -8.04  0.000
 808 58997.32257 D 28-MAY-20 1658.481 0.546   1764004977  -0.003   -1.57  0.000
 809 58997.32257 D 28-MAY-20 1468.705 2.634   1764004975  -0.001   20.41  0.000
 810 58997.32257 D 28-MAY-20 1280.566 0.856   1764004972  -0.019 -169.54  0.000
 811 58997.32257 D 28-MAY-20 1164.415 0.723   1764004970  -0.014 -113.95  0.000
 812 58997.32326 D 28-MAY-20 1657.735 2.136   1764010640  -0.002   14.23  0.000
 813 58997.32326 D 28-MAY-20 1469.665 1.655   1764010638  -0.006  -29.58  0.000
 814 58997.32326 D 28-MAY-20 1281.639 0.509   1764010635  -0.003   -2.06  0.000
 815 58997.32396 D 28-MAY-20 1658.932 0.994   1764016303   0.007  105.31  0.000
 816 58997.32396 D 28-MAY-20 1468.888 0.304   1764016301   0.002   53.30  0.000
 817 58997.32396 D 28-MAY-20 1282.026 0.259   1764016299   0.007  107.39  0.000
 818 58997.32396 D 28-MAY-20 1162.845 0.383   1764016296   0.016  203.60  0.000
 819 58997.32465 D 28-MAY-20 1657.859 0.411   1764021966  -0.000   31.33  0.000
 820 58997.32465 D 28-MAY-20 1469.717 2.394   1764021964   0.006  100.31  0.000
 821 58997.32465 D 28-MAY-20 1281.497 0.551   1764021961  -0.005  -17.17  0.000
 822 58997.32465 D 28-MAY-20 1163.903 0.453   1764021959  -0.003   -0.25  0.000
 823 58997.32535 D 28-MAY-20 1658.172 4.216   1764027630  -0.001   23.39  0.000
 824 58997.32535 D 28-MAY-20 1469.580 0.178   1764027628   0.002   51.64  0.000
 825 58997.32535 D 28-MAY-20 1280.778 0.857   1764027625   0.008  118.56  0.000
 826 58997.32604 D 28-MAY-20 1659.100 2.877   1764033293   0.003   64.08  0.000
 827 58997.32604 D 28-MAY-20 1469.695 2.370   1764033291  -0.010  -67.91  0.000
 828 58997.32604 D 28-MAY-20 1280.968 1.114   1764033288  -0.002    7.90  0.000
 829 58997.32674 D 28-MAY-20 1658.228 2.596   1764038956   0.006  101.49  0.000
 830 58997.32674 D 28-MAY-20 1469.504 1.540   1764038954  -0.000   29.25  0.000
 831 58997.32674 D 28-MAY-20 1280.844 1.687   1764038951  -0.005  -21.22  0.000
 832 58997.32674 D 28-MAY-20 1163.758 0.277   1764038949  -0.015 -121.72  0.000
 833 58997.32743 D 28-MAY-20 1658.522 3.952   1764044619  -0.006  -28.64  0.000
 834 58997.32743 D 28-MAY-20 1468.562 1.417   1764044617   0.000   35.78  0.000
 835 58997.32743 D 28-MAY-20 1281.406 0.938   1764044615   0.003   70.55  0.000
 836 58997.32743 D 28-MAY-20 1163.697 0.435   1764044612   0.007  104.69  0.000
 837 58997.32812 D 28-MAY-20 1658.122 2.143   1764050283   0.005   84.46  0.000
 838 58997.32812 D 28-MAY-20 1469.992 2.122   1764050281  -0.005  -17.14  0.000
 839 58997.32812 D 28-MAY-20 1280.721 2.745   1764050278   0.005   87.02  0.000
 840 58997.32812 D 28-MAY-20 1163.299 0.886   1764050276  -0.016 -134.18  0.000
 841 58997.32882 D 28-MAY-20 1657.878 0.354   1764055946  -0.008  -50.85  0.000
 842 58997.32882 D 28-MAY-20 1469.907 2.629   1764055944  -0.004  -10.02  0.000
 843 58997.32882 D 28-MAY-20 1281.444 1.269   1764055941  -0.013 -108.61  0.000
 844 58997.32951 D 28-MAY-20 1657.803 1.807   1764061609  -0.003   -1.31  0.000
 845 58997.32951 D 28-MAY-20 1468.767 2.125   1764061607  -0.004  -12.27  0.000
 846 58997.32951 D 28-MAY-20 1280.955 1.582   1764061604  -0.005  -23.73  0.000
 847 58997.33021 D 28-MAY-20 1659.209 3.150   1764067272  -0.003    0.35  0.000
 848 58997.33021 D 28-MAY-20 1469.392 1.914   1764067270   0.003   61.80  0.000
 849 58997.33021 D 28-MAY-20 1281.112 0.590   1764067268  -0.004   -8.79  0.000
 850 58997.33021 D 28-MAY-20 1163.084 0.451   1764067265   0.013  170.44  0.000
 851 58997.33090 D 28-MAY-20 1658.329 2.502   1764072936  -0.003   -0.65  0.000
 852 58997.33090 D 28-MAY-20 1469.674 2.687   1764072934   0.001   43.83  0.000
 853 58997.33090 D 28-MAY-20 1280.316 1.625   1764072931   0.001   43.90  0.000
 854 58997.33160 D 28-MAY-20 1658.002 1.718   1764078599   0.004   73.31  0.000
 855 58997.33160 D 28-MAY-20 1469.387 1.713   1764078597   0.003   65.88  0.000
 856 58997.33160 D 28-MAY-20 1280.828 2.697   1764078594  -0.002   13.22  0.000
 857 58997.33160 D 28-MAY-20 1163.670 0.443   1764078592   0.005   89.81  0.000
 858 58997.33229 D 28-MAY-20 1658.191 0.482   1764084262  -0.005  -14.71  0.000
 859 58997.33229 D 28-MAY-20 1468.922 3.430   1764084260  -0.001   20.98  0.000
 860 58997.33229 D 28-MAY-20 1281.111 0.619   1764084258  -0.009  -63.99  0.000
 861 58997.33229 D 28-MAY-20 1163.252 0.485   1764084255  -0.006  -32.75  0.000
 862 58997.33299 D 28-MAY-20 1658.558 2.269   1764089925   0.006   99.01  0.000
 863 58997.33299 D 28-MAY-20 1468.639 2.749   1764089923  -0.006  -35.34  0.000
 864 58997.33299 D 28-MAY-20 1163.513 0.916   1764089918  -0.013 -100.15  0.000
 865 59055.21587 J 25-JUL-20 1661.596 0.181   2236113449  -0.022 -202.93  0.000
 866 59055.21587 J 25-JUL-20 1466.661 0.929   2236113447  -0.002   12.85  0.000
 867 59055.21587 J 25-JUL-20 1285.825 0.881   2236113445   0.014  181.32  0.000
 868 59055.21587 J 25-JUL-20 1167.214 0.472   2236113442   0.002   52.32  0.000
 869 59055.21632 J 25-JUL-20 1661.965 0.611   2236117083  -0.017 -151.44  0.000
 870 59055.21632 J 25-JUL-20 1462.976 0.623   2236117081  -0.010  -67.26  0.000
 871 59055.21632 J 25-JUL-20 1289.294 0.605   2236117079   0.003   66.57  0.000
 872 59055.21632 J 25-JUL-20 1169.160 0.328   2236117076  -0.005  -19.93  0.000
 873 59055.21701 J 25-JUL-20 1659.939 0.167   2236122746   0.017  214.36  0.000
 874 59055.21701 J 25-JUL-20 1468.906 0.908   2236122744   0.001   45.60  0.000
 875 59055.21701 J 25-JUL-20 1285.504 0.211   2236122742  -0.002   10.98  0.000
 876 59055.21701 J 25-JUL-20 1168.680 0.960   2236122739  -0.017 -147.72  0.000
 877 59055.21771 J 25-JUL-20 1467.724 2.304   2236128407  -0.005  -19.34  0.000
 878 59055.21771 J 25-JUL-20 1286.414 2.437   2236128405  -0.001   25.88  0.000
 879 59055.21771 J 25-JUL-20 1168.867 1.141   2236128402  -0.005  -14.30  0.000
 880 59055.21840 J 25-JUL-20 1659.776 0.365   2236134072   0.010  141.11  0.000
 881 59055.21840 J 25-JUL-20 1467.501 2.341   2236134070  -0.001   18.69  0.000
 882 59055.21840 J 25-JUL-20 1285.189 1.982   2236134068  -0.014 -115.14  0.000
 883 59055.21840 J 25-JUL-20 1168.867 1.092   2236134065  -0.020 -178.13  0.000
 884 59055.21910 J 25-JUL-20 1663.496 1.017   2236139734   0.008  115.96  0.000
 885 59055.21910 J 25-JUL-20 1465.346 2.040   2236139732  -0.002   10.33  0.000
 886 59055.21910 J 25-JUL-20 1285.549 1.073   2236139730   0.001   48.19  0.000
 887 59055.21910 J 25-JUL-20 1168.785 1.033   2236139727  -0.005  -20.70  0.000
 888 59055.21979 J 25-JUL-20 1468.895 1.193   2236145395  -0.002   10.54  0.000
 889 59055.21979 J 25-JUL-20 1284.648 2.279   2236145393  -0.011  -81.18  0.000
 890 59055.21979 J 25-JUL-20 1168.600 1.295   2236145390  -0.013 -109.12  0.000
 891 59055.22049 J 25-JUL-20 1658.233 0.952   2236151060  -0.004  -10.99  0.000
 892 59055.22049 J 25-JUL-20 1468.198 0.999   2236151058  -0.004   -8.54  0.000
 893 59055.22049 J 25-JUL-20 1286.169 2.840   2236151056  -0.007  -45.86  0.000
 894 59055.22118 J 25-JUL-20 1658.041 0.644   2236156723   0.011  148.22  0.000
 895 59055.22118 J 25-JUL-20 1468.730 0.481   2236156721  -0.006  -32.67  0.000
 896 59055.22118 J 25-JUL-20 1285.688 1.454   2236156719  -0.002   16.36  0.000
 897 59055.22118 J 25-JUL-20 1168.867 0.326   2236156716  -0.014 -117.79  0.000
 898 59055.22187 J 25-JUL-20 1657.776 1.480   2236162386   0.006   97.64  0.000
 899 59055.22187 J 25-JUL-20 1468.722 1.754   2236162384  -0.007  -41.51  0.000
 900 59055.22187 J 25-JUL-20 1285.622 1.482   2236162382  -0.002   11.42  0.000
 901 59055.22187 J 25-JUL-20 1168.370 1.866   2236162379  -0.006  -30.67  0.000
 902 59055.22257 J 25-JUL-20 1658.109 0.666   2236168049  -0.004  -10.46  0.000
 903 59055.22257 J 25-JUL-20 1469.151 2.019   2236168047  -0.012  -90.37  0.000
 904 59055.22257 J 25-JUL-20 1286.035 0.861   2236168045  -0.003   -2.16  0.000
 905 59055.22257 J 25-JUL-20 1168.164 0.154   2236168042   0.003   66.06  0.000
 906 59055.22326 J 25-JUL-20 1657.564 0.300   2236173711  -0.010  -73.87  0.000
 907 59055.22326 J 25-JUL-20 1470.519 1.614   2236173709  -0.009  -58.45  0.000
 908 59055.22326 J 25-JUL-20 1283.962 1.668   2236173707  -0.003   -3.01  0.000
 909 59055.22326 J 25-JUL-20 1168.183 0.956   2236173704  -0.005  -23.15  0.000
 910 59055.22396 J 25-JUL-20 1657.789 1.332   2236179374  -0.002   11.83  0.000
 911 59055.22396 J 25-JUL-20 1468.733 0.707   2236179372  -0.000   31.60  0.000
 912 59055.22396 J 25-JUL-20 1284.935 0.377   2236179370  -0.014 -112.93  0.000
 913 59055.22396 J 25-JUL-20 1168.680 0.110   2236179367   0.002   57.23  0.000
 914 59055.22465 J 25-JUL-20 1660.483 0.884   2236185037  -0.004  -11.45  0.000
 915 59055.22465 J 25-JUL-20 1467.028 0.992   2236185035  -0.004   -4.13  0.000
 916 59055.22465 J 25-JUL-20 1285.833 1.235   2236185033   0.004   76.05  0.000
 917 59055.22465 J 25-JUL-20 1168.748 0.794   2236185030   0.001   45.63  0.000
 918 59055.22535 J 25-JUL-20 1660.185 0.769   2236190700   0.013  167.48  0.000
 919 59055.22535 J 25-JUL-20 1469.534 1.636   2236190698   0.008  122.36  0.000
 920 59055.22535 J 25-JUL-20 1286.843 2.640   2236190696  -0.010  -70.28  0.000
 921 59055.22535 J 25-JUL-20 1167.880 1.334   2236190693  -0.003    0.72  0.000
 922 59055.22604 J 25-JUL-20 1660.513 0.513   2236196363  -0.001   24.86  0.000
 923 59055.22604 J 25-JUL-20 1469.448 0.998   2236196361  -0.008  -54.55  0.000
 924 59055.22604 J 25-JUL-20 1286.857 1.325   2236196359   0.001   48.93  0.000
 925 59055.22604 J 25-JUL-20 1168.600 0.320   2236196356   0.002   49.88  0.000
 926 59055.22674 J 25-JUL-20 1660.079 0.884   2236202026   0.005   85.46  0.000
 927 59055.22674 J 25-JUL-20 1468.352 0.049   2236202024  -0.002   11.09  0.000
 928 59055.22674 J 25-JUL-20 1284.861 0.783   2236202022   0.004   75.46  0.000
 929 59055.22674 J 25-JUL-20 1168.785 0.138   2236202019   0.009  128.44  0.000
 930 59055.22743 J 25-JUL-20 1660.917 1.199   2236207688   0.014  184.05  0.000
 931 59055.22743 J 25-JUL-20 1467.394 0.369   2236207686  -0.001   20.12  0.000
 932 59055.22743 J 25-JUL-20 1285.692 1.658   2236207684   0.003   67.31  0.000
 933 59055.22812 J 25-JUL-20 1660.127 0.915   2236213351  -0.010  -75.70  0.000
 934 59055.22812 J 25-JUL-20 1468.234 1.698   2236213349  -0.008  -53.76  0.000
 935 59055.22812 J 25-JUL-20 1285.075 1.186   2236213347  -0.009  -62.49  0.000
 936 59055.22812 J 25-JUL-20 1168.600 1.700   2236213344  -0.006  -34.09  0.000
 937 59055.22882 J 25-JUL-20 1659.191 0.528   2236219014  -0.003   -1.16  0.000
 938 59055.22882 J 25-JUL-20 1468.291 1.359   2236219012  -0.005  -19.27  0.000
 939 59055.22882 J 25-JUL-20 1284.749 1.989   2236219010  -0.001   17.87  0.000
 940 59055.22882 J 25-JUL-20 1168.600 0.708   2236219007  -0.015 -124.30  0.000
 941 59055.22951 J 25-JUL-20 1660.180 0.305   2236224677  -0.003   -0.10  0.000
 942 59055.22951 J 25-JUL-20 1467.613 1.579   2236224675   0.001   39.47  0.000
 943 59055.22951 J 25-JUL-20 1285.207 1.060   2236224673  -0.003    6.44  0.000
 944 59055.22951 J 25-JUL-20 1168.222 0.553   2236224670   0.013  167.07  0.000
 945 59055.23021 J 25-JUL-20 1661.262 0.822   2236230340  -0.014 -111.37  0.000
 946 59055.23021 J 25-JUL-20 1468.273 1.373   2236230338  -0.006  -25.64  0.000
 947 59055.23021 J 25-JUL-20 1285.531 0.330   2236230336  -0.007  -43.69  0.000
 948 59055.23021 J 25-JUL-20 1168.261 0.725   2236230333  -0.003    5.00  0.000
 949 59055.23090 J 25-JUL-20 1468.784 0.482   2236236001   0.002   50.01  0.000
 950 59055.23090 J 25-JUL-20 1285.047 1.120   2236235999   0.007  109.52  0.000

PSR J2027+0255    Ephem.: DE436  Clock: UNCORR        Ref. MJD:   58781.0000

      RA                DEC            PM RA    PM DEC     PM RV   PARALLAX

20 27 30.86786657  02 55 37.9748575    0.0000    0.0000    0.0000    0.0000
       0.00000000         0.0000000    0.0000    0.0000    0.0000    0.0000
       0.00000000         0.0000000    0.0000    0.0000    0.0000    0.0000
20 27 30.86786657  02 55 37.9748575    0.0000    0.0000    0.0000    0.0000

          F0                  F1(D-16)       F2(D-00)     F3(D-00)

  94.37951293044574186   -4.676104418151   0.000000000    0.000000
  -0.00000000000000000   -0.000000000000  -0.000000000   -0.000000
   0.00000000000000000    0.000000000000   0.000000000    0.000000
  94.37951293044574186   -4.676104418151   0.000000000    0.000000

          P0                  P1(D-15)         DM         DM1       PPN GAM

 0.0105955198215206253    0.000052496305   51.117521    0.000000    1.000000
 0.0000000000000000000    0.000000000000    0.000000    0.000000    0.000000
 0.0000000000000000000    0.000000000000    0.000000    0.000000    0.000000
 0.0105955198215206253    0.000052496305   51.117521    0.000000    1.000000

Weighted RMS residual: pre-fit    60.513 us. Predicted post-fit    60.513 us.
 Chisqr/nfree:  71130.68/  949 =    74.953293407   pre/post:   1.00   Wmax:    7.7
